{"/Users/shoedogodo/Desktop/Daily-Running-Assistance/backend/controllers/user.controller.js": {"path":"/Users/shoedogodo/Desktop/Daily-Running-Assistance/backend/controllers/user.controller.js","statementMap":{"0":{"start":{"line":1,"column":0},"end":{"line":1,"column":27}},"1":{"start":{"line":2,"column":17},"end":{"line":2,"column":36}},"2":{"start":{"line":3,"column":39},"end":{"line":3,"column":70}},"3":{"start":{"line":4,"column":12},"end":{"line":4,"column":35}},"4":{"start":{"line":5,"column":11},"end":{"line":5,"column":24}},"5":{"start":{"line":6,"column":13},"end":{"line":6,"column":28}},"6":{"start":{"line":8,"column":15},"end":{"line":8,"column":32}},"7":{"start":{"line":9,"column":15},"end":{"line":9,"column":44}},"8":{"start":{"line":12,"column":19},"end":{"line":12,"column":41}},"9":{"start":{"line":16,"column":13},"end":{"line":16,"column":32}},"10":{"start":{"line":17,"column":0},"end":{"line":21,"column":3}},"11":{"start":{"line":18,"column":4},"end":{"line":20,"column":7}},"12":{"start":{"line":24,"column":17},"end":{"line":31,"column":1}},"13":{"start":{"line":25,"column":4},"end":{"line":30,"column":5}},"14":{"start":{"line":26,"column":22},"end":{"line":26,"column":41}},"15":{"start":{"line":27,"column":8},"end":{"line":27,"column":36}},"16":{"start":{"line":29,"column":8},"end":{"line":29,"column":55}},"17":{"start":{"line":34,"column":16},"end":{"line":50,"column":1}},"18":{"start":{"line":35,"column":4},"end":{"line":49,"column":5}},"19":{"start":{"line":36,"column":29},"end":{"line":36,"column":39}},"20":{"start":{"line":39,"column":21},"end":{"line":39,"column":53}},"21":{"start":{"line":41,"column":8},"end":{"line":43,"column":9}},"22":{"start":{"line":42,"column":12},"end":{"line":42,"column":71}},"23":{"start":{"line":45,"column":8},"end":{"line":45,"column":35}},"24":{"start":{"line":48,"column":8},"end":{"line":48,"column":57}},"25":{"start":{"line":52,"column":21},"end":{"line":105,"column":1}},"26":{"start":{"line":53,"column":4},"end":{"line":104,"column":5}},"27":{"start":{"line":54,"column":39},"end":{"line":54,"column":47}},"28":{"start":{"line":57,"column":29},"end":{"line":57,"column":61}},"29":{"start":{"line":58,"column":8},"end":{"line":60,"column":9}},"30":{"start":{"line":59,"column":12},"end":{"line":59,"column":80}},"31":{"start":{"line":63,"column":26},"end":{"line":63,"column":36}},"32":{"start":{"line":66,"column":24},"end":{"line":66,"column":85}},"33":{"start":{"line":69,"column":38},"end":{"line":69,"column":83}},"34":{"start":{"line":70,"column":29},"end":{"line":72,"column":10}},"35":{"start":{"line":75,"column":27},"end":{"line":75,"column":69}},"36":{"start":{"line":76,"column":8},"end":{"line":76,"column":38}},"37":{"start":{"line":79,"column":8},"end":{"line":94,"column":11}},"38":{"start":{"line":81,"column":12},"end":{"line":81,"column":53}},"39":{"start":{"line":82,"column":12},"end":{"line":82,"column":33}},"40":{"start":{"line":85,"column":26},"end":{"line":91,"column":14}},"41":{"start":{"line":93,"column":12},"end":{"line":93,"column":85}},"42":{"start":{"line":96,"column":8},"end":{"line":99,"column":11}},"43":{"start":{"line":97,"column":12},"end":{"line":97,"column":69}},"44":{"start":{"line":98,"column":12},"end":{"line":98,"column":81}},"45":{"start":{"line":102,"column":8},"end":{"line":102,"column":29}},"46":{"start":{"line":103,"column":8},"end":{"line":103,"column":57}},"47":{"start":{"line":108,"column":18},"end":{"line":142,"column":1}},"48":{"start":{"line":109,"column":4},"end":{"line":141,"column":5}},"49":{"start":{"line":110,"column":39},"end":{"line":110,"column":47}},"50":{"start":{"line":113,"column":21},"end":{"line":113,"column":53}},"51":{"start":{"line":114,"column":8},"end":{"line":116,"column":9}},"52":{"start":{"line":115,"column":12},"end":{"line":115,"column":71}},"53":{"start":{"line":119,"column":32},"end":{"line":119,"column":58}},"54":{"start":{"line":120,"column":8},"end":{"line":122,"column":9}},"55":{"start":{"line":121,"column":12},"end":{"line":121,"column":73}},"56":{"start":{"line":125,"column":26},"end":{"line":125,"column":36}},"57":{"start":{"line":128,"column":22},"end":{"line":134,"column":10}},"58":{"start":{"line":137,"column":8},"end":{"line":137,"column":75}},"59":{"start":{"line":139,"column":8},"end":{"line":139,"column":29}},"60":{"start":{"line":140,"column":8},"end":{"line":140,"column":57}},"61":{"start":{"line":146,"column":19},"end":{"line":170,"column":1}},"62":{"start":{"line":147,"column":4},"end":{"line":169,"column":5}},"63":{"start":{"line":148,"column":39},"end":{"line":148,"column":47}},"64":{"start":{"line":151,"column":21},"end":{"line":151,"column":53}},"65":{"start":{"line":153,"column":8},"end":{"line":155,"column":9}},"66":{"start":{"line":154,"column":12},"end":{"line":154,"column":71}},"67":{"start":{"line":158,"column":8},"end":{"line":160,"column":9}},"68":{"start":{"line":159,"column":12},"end":{"line":159,"column":73}},"69":{"start":{"line":164,"column":28},"end":{"line":164,"column":94}},"70":{"start":{"line":166,"column":8},"end":{"line":166,"column":42}},"71":{"start":{"line":168,"column":8},"end":{"line":168,"column":57}},"72":{"start":{"line":173,"column":19},"end":{"line":196,"column":1}},"73":{"start":{"line":174,"column":4},"end":{"line":195,"column":5}},"74":{"start":{"line":175,"column":39},"end":{"line":175,"column":47}},"75":{"start":{"line":178,"column":21},"end":{"line":178,"column":53}},"76":{"start":{"line":180,"column":8},"end":{"line":182,"column":9}},"77":{"start":{"line":181,"column":12},"end":{"line":181,"column":71}},"78":{"start":{"line":185,"column":8},"end":{"line":187,"column":9}},"79":{"start":{"line":186,"column":12},"end":{"line":186,"column":73}},"80":{"start":{"line":190,"column":8},"end":{"line":190,"column":50}},"81":{"start":{"line":192,"column":8},"end":{"line":192,"column":71}},"82":{"start":{"line":194,"column":8},"end":{"line":194,"column":57}},"83":{"start":{"line":199,"column":21},"end":{"line":215,"column":1}},"84":{"start":{"line":200,"column":4},"end":{"line":214,"column":5}},"85":{"start":{"line":201,"column":39},"end":{"line":201,"column":47}},"86":{"start":{"line":203,"column":21},"end":{"line":203,"column":53}},"87":{"start":{"line":204,"column":8},"end":{"line":206,"column":9}},"88":{"start":{"line":205,"column":12},"end":{"line":205,"column":71}},"89":{"start":{"line":208,"column":8},"end":{"line":208,"column":33}},"90":{"start":{"line":209,"column":8},"end":{"line":209,"column":26}},"91":{"start":{"line":210,"column":8},"end":{"line":210,"column":81}},"92":{"start":{"line":213,"column":8},"end":{"line":213,"column":57}},"93":{"start":{"line":218,"column":20},"end":{"line":233,"column":1}},"94":{"start":{"line":219,"column":4},"end":{"line":232,"column":5}},"95":{"start":{"line":220,"column":27},"end":{"line":220,"column":37}},"96":{"start":{"line":223,"column":19},"end":{"line":223,"column":51}},"97":{"start":{"line":225,"column":6},"end":{"line":227,"column":7}},"98":{"start":{"line":226,"column":8},"end":{"line":226,"column":67}},"99":{"start":{"line":229,"column":6},"end":{"line":229,"column":56}},"100":{"start":{"line":231,"column":6},"end":{"line":231,"column":55}},"101":{"start":{"line":236,"column":29},"end":{"line":275,"column":1}},"102":{"start":{"line":237,"column":4},"end":{"line":274,"column":5}},"103":{"start":{"line":238,"column":29},"end":{"line":238,"column":37}},"104":{"start":{"line":239,"column":8},"end":{"line":242,"column":9}},"105":{"start":{"line":240,"column":12},"end":{"line":240,"column":44}},"106":{"start":{"line":241,"column":12},"end":{"line":241,"column":73}},"107":{"start":{"line":244,"column":21},"end":{"line":244,"column":53}},"108":{"start":{"line":245,"column":8},"end":{"line":248,"column":9}},"109":{"start":{"line":246,"column":12},"end":{"line":246,"column":42}},"110":{"start":{"line":247,"column":12},"end":{"line":247,"column":71}},"111":{"start":{"line":251,"column":8},"end":{"line":257,"column":9}},"112":{"start":{"line":252,"column":12},"end":{"line":256,"column":13}},"113":{"start":{"line":253,"column":16},"end":{"line":253,"column":83}},"114":{"start":{"line":255,"column":16},"end":{"line":255,"column":74}},"115":{"start":{"line":260,"column":29},"end":{"line":262,"column":10}},"116":{"start":{"line":265,"column":8},"end":{"line":265,"column":42}},"117":{"start":{"line":268,"column":8},"end":{"line":268,"column":46}},"118":{"start":{"line":269,"column":8},"end":{"line":269,"column":26}},"119":{"start":{"line":271,"column":8},"end":{"line":271,"column":83}},"120":{"start":{"line":273,"column":8},"end":{"line":273,"column":57}},"121":{"start":{"line":278,"column":26},"end":{"line":298,"column":1}},"122":{"start":{"line":279,"column":4},"end":{"line":297,"column":5}},"123":{"start":{"line":280,"column":29},"end":{"line":280,"column":39}},"124":{"start":{"line":281,"column":21},"end":{"line":281,"column":53}},"125":{"start":{"line":283,"column":8},"end":{"line":285,"column":9}},"126":{"start":{"line":284,"column":12},"end":{"line":284,"column":82}},"127":{"start":{"line":288,"column":31},"end":{"line":288,"column":103}},"128":{"start":{"line":291,"column":8},"end":{"line":291,"column":46}},"129":{"start":{"line":294,"column":8},"end":{"line":294,"column":33}},"130":{"start":{"line":296,"column":8},"end":{"line":296,"column":57}},"131":{"start":{"line":300,"column":22},"end":{"line":338,"column":1}},"132":{"start":{"line":301,"column":4},"end":{"line":337,"column":5}},"133":{"start":{"line":302,"column":40},"end":{"line":302,"column":48}},"134":{"start":{"line":305,"column":21},"end":{"line":309,"column":9}},"135":{"start":{"line":311,"column":8},"end":{"line":313,"column":9}},"136":{"start":{"line":312,"column":12},"end":{"line":312,"column":71}},"137":{"start":{"line":316,"column":26},"end":{"line":320,"column":9}},"138":{"start":{"line":323,"column":8},"end":{"line":329,"column":10}},"139":{"start":{"line":331,"column":8},"end":{"line":334,"column":11}},"140":{"start":{"line":336,"column":8},"end":{"line":336,"column":57}},"141":{"start":{"line":341,"column":25},"end":{"line":360,"column":1}},"142":{"start":{"line":342,"column":4},"end":{"line":359,"column":5}},"143":{"start":{"line":343,"column":29},"end":{"line":343,"column":39}},"144":{"start":{"line":344,"column":25},"end":{"line":344,"column":54}},"145":{"start":{"line":346,"column":21},"end":{"line":346,"column":53}},"146":{"start":{"line":347,"column":8},"end":{"line":349,"column":9}},"147":{"start":{"line":348,"column":12},"end":{"line":348,"column":71}},"148":{"start":{"line":351,"column":23},"end":{"line":351,"column":66}},"149":{"start":{"line":351,"column":45},"end":{"line":351,"column":65}},"150":{"start":{"line":352,"column":8},"end":{"line":354,"column":9}},"151":{"start":{"line":353,"column":12},"end":{"line":353,"column":73}},"152":{"start":{"line":356,"column":8},"end":{"line":356,"column":37}},"153":{"start":{"line":358,"column":8},"end":{"line":358,"column":57}},"154":{"start":{"line":363,"column":19},"end":{"line":386,"column":3}},"155":{"start":{"line":364,"column":4},"end":{"line":385,"column":5}},"156":{"start":{"line":365,"column":20},"end":{"line":365,"column":48}},"157":{"start":{"line":366,"column":6},"end":{"line":368,"column":7}},"158":{"start":{"line":367,"column":8},"end":{"line":367,"column":70}},"159":{"start":{"line":371,"column":25},"end":{"line":371,"column":77}},"160":{"start":{"line":374,"column":6},"end":{"line":381,"column":9}},"161":{"start":{"line":375,"column":8},"end":{"line":377,"column":9}},"162":{"start":{"line":376,"column":10},"end":{"line":376,"column":86}},"163":{"start":{"line":380,"column":8},"end":{"line":380,"column":69}},"164":{"start":{"line":383,"column":6},"end":{"line":383,"column":27}},"165":{"start":{"line":384,"column":6},"end":{"line":384,"column":55}},"166":{"start":{"line":389,"column":22},"end":{"line":413,"column":1}},"167":{"start":{"line":390,"column":4},"end":{"line":412,"column":5}},"168":{"start":{"line":391,"column":29},"end":{"line":391,"column":39}},"169":{"start":{"line":394,"column":21},"end":{"line":394,"column":53}},"170":{"start":{"line":395,"column":8},"end":{"line":397,"column":9}},"171":{"start":{"line":396,"column":12},"end":{"line":396,"column":71}},"172":{"start":{"line":400,"column":24},"end":{"line":400,"column":35}},"173":{"start":{"line":402,"column":8},"end":{"line":409,"column":11}},"174":{"start":{"line":411,"column":8},"end":{"line":411,"column":57}},"175":{"start":{"line":416,"column":22},"end":{"line":437,"column":1}},"176":{"start":{"line":417,"column":4},"end":{"line":436,"column":5}},"177":{"start":{"line":418,"column":38},"end":{"line":418,"column":46}},"178":{"start":{"line":421,"column":21},"end":{"line":421,"column":53}},"179":{"start":{"line":422,"column":8},"end":{"line":424,"column":9}},"180":{"start":{"line":423,"column":12},"end":{"line":423,"column":71}},"181":{"start":{"line":427,"column":8},"end":{"line":430,"column":10}},"182":{"start":{"line":432,"column":8},"end":{"line":432,"column":26}},"183":{"start":{"line":433,"column":8},"end":{"line":433,"column":92}},"184":{"start":{"line":435,"column":8},"end":{"line":435,"column":57}},"185":{"start":{"line":440,"column":26},"end":{"line":454,"column":1}},"186":{"start":{"line":441,"column":4},"end":{"line":453,"column":5}},"187":{"start":{"line":442,"column":29},"end":{"line":442,"column":39}},"188":{"start":{"line":445,"column":21},"end":{"line":445,"column":53}},"189":{"start":{"line":446,"column":8},"end":{"line":448,"column":9}},"190":{"start":{"line":447,"column":12},"end":{"line":447,"column":71}},"191":{"start":{"line":450,"column":8},"end":{"line":450,"column":40}},"192":{"start":{"line":452,"column":8},"end":{"line":452,"column":57}},"193":{"start":{"line":458,"column":24},"end":{"line":489,"column":1}},"194":{"start":{"line":459,"column":4},"end":{"line":488,"column":5}},"195":{"start":{"line":460,"column":29},"end":{"line":460,"column":39}},"196":{"start":{"line":461,"column":25},"end":{"line":461,"column":54}},"197":{"start":{"line":462,"column":27},"end":{"line":462,"column":35}},"198":{"start":{"line":464,"column":21},"end":{"line":464,"column":53}},"199":{"start":{"line":465,"column":8},"end":{"line":467,"column":9}},"200":{"start":{"line":466,"column":12},"end":{"line":466,"column":71}},"201":{"start":{"line":469,"column":28},"end":{"line":469,"column":76}},"202":{"start":{"line":469,"column":55},"end":{"line":469,"column":75}},"203":{"start":{"line":470,"column":8},"end":{"line":472,"column":9}},"204":{"start":{"line":471,"column":12},"end":{"line":471,"column":73}},"205":{"start":{"line":475,"column":8},"end":{"line":478,"column":10}},"206":{"start":{"line":480,"column":8},"end":{"line":480,"column":26}},"207":{"start":{"line":482,"column":8},"end":{"line":485,"column":11}},"208":{"start":{"line":487,"column":8},"end":{"line":487,"column":57}},"209":{"start":{"line":492,"column":24},"end":{"line":525,"column":1}},"210":{"start":{"line":493,"column":4},"end":{"line":524,"column":5}},"211":{"start":{"line":494,"column":29},"end":{"line":494,"column":39}},"212":{"start":{"line":495,"column":25},"end":{"line":495,"column":54}},"213":{"start":{"line":497,"column":21},"end":{"line":497,"column":53}},"214":{"start":{"line":499,"column":8},"end":{"line":501,"column":9}},"215":{"start":{"line":500,"column":12},"end":{"line":500,"column":71}},"216":{"start":{"line":503,"column":28},"end":{"line":503,"column":76}},"217":{"start":{"line":503,"column":55},"end":{"line":503,"column":75}},"218":{"start":{"line":504,"column":8},"end":{"line":506,"column":9}},"219":{"start":{"line":505,"column":12},"end":{"line":505,"column":73}},"220":{"start":{"line":509,"column":8},"end":{"line":509,"column":43}},"221":{"start":{"line":512,"column":8},"end":{"line":515,"column":12}},"222":{"start":{"line":512,"column":58},"end":{"line":515,"column":9}},"223":{"start":{"line":517,"column":8},"end":{"line":517,"column":26}},"224":{"start":{"line":519,"column":8},"end":{"line":521,"column":11}},"225":{"start":{"line":523,"column":8},"end":{"line":523,"column":57}},"226":{"start":{"line":527,"column":22},"end":{"line":527,"column":31}},"227":{"start":{"line":528,"column":23},"end":{"line":528,"column":32}},"228":{"start":{"line":530,"column":19},"end":{"line":624,"column":1}},"229":{"start":{"line":531,"column":4},"end":{"line":623,"column":5}},"230":{"start":{"line":532,"column":45},"end":{"line":532,"column":53}},"231":{"start":{"line":533,"column":8},"end":{"line":540,"column":11}},"232":{"start":{"line":542,"column":21},"end":{"line":542,"column":53}},"233":{"start":{"line":543,"column":8},"end":{"line":545,"column":9}},"234":{"start":{"line":544,"column":12},"end":{"line":544,"column":71}},"235":{"start":{"line":548,"column":24},"end":{"line":548,"column":57}},"236":{"start":{"line":551,"column":8},"end":{"line":579,"column":9}},"237":{"start":{"line":552,"column":12},"end":{"line":552,"column":61}},"238":{"start":{"line":553,"column":33},"end":{"line":553,"column":66}},"239":{"start":{"line":555,"column":12},"end":{"line":578,"column":13}},"240":{"start":{"line":557,"column":36},"end":{"line":557,"column":73}},"241":{"start":{"line":560,"column":36},"end":{"line":560,"column":38}},"242":{"start":{"line":561,"column":16},"end":{"line":567,"column":17}},"243":{"start":{"line":562,"column":41},"end":{"line":564,"column":22}},"244":{"start":{"line":565,"column":20},"end":{"line":565,"column":50}},"245":{"start":{"line":566,"column":20},"end":{"line":566,"column":54}},"246":{"start":{"line":570,"column":36},"end":{"line":574,"column":17}},"247":{"start":{"line":576,"column":16},"end":{"line":576,"column":90}},"248":{"start":{"line":577,"column":16},"end":{"line":577,"column":108}},"249":{"start":{"line":582,"column":30},"end":{"line":606,"column":10}},"250":{"start":{"line":583,"column":27},"end":{"line":583,"column":29}},"251":{"start":{"line":584,"column":12},"end":{"line":593,"column":13}},"252":{"start":{"line":585,"column":16},"end":{"line":591,"column":17}},"253":{"start":{"line":586,"column":41},"end":{"line":588,"column":22}},"254":{"start":{"line":589,"column":20},"end":{"line":589,"column":50}},"255":{"start":{"line":590,"column":20},"end":{"line":590,"column":51}},"256":{"start":{"line":592,"column":16},"end":{"line":592,"column":78}},"257":{"start":{"line":595,"column":28},"end":{"line":600,"column":14}},"258":{"start":{"line":602,"column":12},"end":{"line":602,"column":33}},"259":{"start":{"line":603,"column":12},"end":{"line":603,"column":41}},"260":{"start":{"line":604,"column":12},"end":{"line":604,"column":30}},"261":{"start":{"line":605,"column":12},"end":{"line":605,"column":29}},"262":{"start":{"line":609,"column":8},"end":{"line":609,"column":51}},"263":{"start":{"line":612,"column":8},"end":{"line":614,"column":17}},"264":{"start":{"line":613,"column":12},"end":{"line":613,"column":43}},"265":{"start":{"line":617,"column":21},"end":{"line":617,"column":40}},"266":{"start":{"line":618,"column":8},"end":{"line":618,"column":90}},"267":{"start":{"line":621,"column":8},"end":{"line":621,"column":53}},"268":{"start":{"line":622,"column":8},"end":{"line":622,"column":57}},"269":{"start":{"line":627,"column":24},"end":{"line":645,"column":1}},"270":{"start":{"line":628,"column":4},"end":{"line":644,"column":5}},"271":{"start":{"line":629,"column":29},"end":{"line":629,"column":37}},"272":{"start":{"line":631,"column":8},"end":{"line":633,"column":9}},"273":{"start":{"line":632,"column":12},"end":{"line":632,"column":73}},"274":{"start":{"line":635,"column":29},"end":{"line":637,"column":10}},"275":{"start":{"line":638,"column":8},"end":{"line":638,"column":42}},"276":{"start":{"line":640,"column":8},"end":{"line":640,"column":54}},"277":{"start":{"line":642,"column":8},"end":{"line":642,"column":55}},"278":{"start":{"line":643,"column":8},"end":{"line":643,"column":57}},"279":{"start":{"line":648,"column":21},"end":{"line":662,"column":1}},"280":{"start":{"line":649,"column":4},"end":{"line":661,"column":5}},"281":{"start":{"line":650,"column":24},"end":{"line":650,"column":42}},"282":{"start":{"line":652,"column":31},"end":{"line":652,"column":91}},"283":{"start":{"line":655,"column":8},"end":{"line":655,"column":46}},"284":{"start":{"line":658,"column":8},"end":{"line":658,"column":33}},"285":{"start":{"line":660,"column":8},"end":{"line":660,"column":57}},"286":{"start":{"line":664,"column":17},"end":{"line":689,"column":1}},"287":{"start":{"line":665,"column":4},"end":{"line":688,"column":5}},"288":{"start":{"line":669,"column":22},"end":{"line":677,"column":14}},"289":{"start":{"line":680,"column":8},"end":{"line":682,"column":9}},"290":{"start":{"line":681,"column":12},"end":{"line":681,"column":71}},"291":{"start":{"line":685,"column":8},"end":{"line":685,"column":81}},"292":{"start":{"line":687,"column":8},"end":{"line":687,"column":57}},"293":{"start":{"line":692,"column":20},"end":{"line":714,"column":1}},"294":{"start":{"line":693,"column":4},"end":{"line":713,"column":5}},"295":{"start":{"line":694,"column":27},"end":{"line":694,"column":37}},"296":{"start":{"line":695,"column":21},"end":{"line":703,"column":10}},"297":{"start":{"line":705,"column":8},"end":{"line":707,"column":9}},"298":{"start":{"line":706,"column":12},"end":{"line":706,"column":71}},"299":{"start":{"line":710,"column":8},"end":{"line":710,"column":79}},"300":{"start":{"line":712,"column":8},"end":{"line":712,"column":57}},"301":{"start":{"line":716,"column":26},"end":{"line":743,"column":1}},"302":{"start":{"line":717,"column":4},"end":{"line":742,"column":5}},"303":{"start":{"line":718,"column":29},"end":{"line":718,"column":39}},"304":{"start":{"line":721,"column":21},"end":{"line":721,"column":63}},"305":{"start":{"line":723,"column":8},"end":{"line":725,"column":9}},"306":{"start":{"line":724,"column":12},"end":{"line":724,"column":71}},"307":{"start":{"line":728,"column":22},"end":{"line":736,"column":14}},"308":{"start":{"line":739,"column":8},"end":{"line":739,"column":36}},"309":{"start":{"line":741,"column":8},"end":{"line":741,"column":57}},"310":{"start":{"line":745,"column":19},"end":{"line":804,"column":1}},"311":{"start":{"line":746,"column":4},"end":{"line":803,"column":5}},"312":{"start":{"line":748,"column":23},"end":{"line":748,"column":40}},"313":{"start":{"line":751,"column":34},"end":{"line":751,"column":42}},"314":{"start":{"line":754,"column":21},"end":{"line":754,"column":59}},"315":{"start":{"line":756,"column":8},"end":{"line":759,"column":9}},"316":{"start":{"line":758,"column":12},"end":{"line":758,"column":71}},"317":{"start":{"line":762,"column":8},"end":{"line":762,"column":27}},"318":{"start":{"line":763,"column":8},"end":{"line":763,"column":31}},"319":{"start":{"line":766,"column":8},"end":{"line":770,"column":9}},"320":{"start":{"line":767,"column":12},"end":{"line":769,"column":13}},"321":{"start":{"line":768,"column":16},"end":{"line":768,"column":42}},"322":{"start":{"line":773,"column":23},"end":{"line":773,"column":25}},"323":{"start":{"line":774,"column":8},"end":{"line":789,"column":9}},"324":{"start":{"line":775,"column":26},"end":{"line":775,"column":97}},"325":{"start":{"line":777,"column":12},"end":{"line":788,"column":13}},"326":{"start":{"line":779,"column":37},"end":{"line":781,"column":18}},"327":{"start":{"line":784,"column":16},"end":{"line":784,"column":46}},"328":{"start":{"line":787,"column":16},"end":{"line":787,"column":47}},"329":{"start":{"line":792,"column":8},"end":{"line":792,"column":31}},"330":{"start":{"line":794,"column":8},"end":{"line":794,"column":35}},"331":{"start":{"line":797,"column":8},"end":{"line":797,"column":26}},"332":{"start":{"line":800,"column":8},"end":{"line":800,"column":77}},"333":{"start":{"line":802,"column":8},"end":{"line":802,"column":57}},"334":{"start":{"line":807,"column":19},"end":{"line":847,"column":1}},"335":{"start":{"line":808,"column":4},"end":{"line":846,"column":5}},"336":{"start":{"line":809,"column":23},"end":{"line":809,"column":40}},"337":{"start":{"line":811,"column":21},"end":{"line":811,"column":59}},"338":{"start":{"line":813,"column":8},"end":{"line":816,"column":9}},"339":{"start":{"line":815,"column":12},"end":{"line":815,"column":71}},"340":{"start":{"line":819,"column":8},"end":{"line":819,"column":66}},"341":{"start":{"line":822,"column":25},"end":{"line":822,"column":36}},"342":{"start":{"line":825,"column":8},"end":{"line":828,"column":10}},"343":{"start":{"line":831,"column":8},"end":{"line":836,"column":9}},"344":{"start":{"line":832,"column":12},"end":{"line":835,"column":13}},"345":{"start":{"line":834,"column":16},"end":{"line":834,"column":42}},"346":{"start":{"line":839,"column":8},"end":{"line":839,"column":48}},"347":{"start":{"line":842,"column":8},"end":{"line":842,"column":59}},"348":{"start":{"line":845,"column":8},"end":{"line":845,"column":57}},"349":{"start":{"line":850,"column":22},"end":{"line":895,"column":1}},"350":{"start":{"line":851,"column":4},"end":{"line":894,"column":5}},"351":{"start":{"line":852,"column":23},"end":{"line":852,"column":40}},"352":{"start":{"line":853,"column":37},"end":{"line":853,"column":45}},"353":{"start":{"line":856,"column":21},"end":{"line":856,"column":63}},"354":{"start":{"line":858,"column":8},"end":{"line":860,"column":9}},"355":{"start":{"line":859,"column":12},"end":{"line":859,"column":71}},"356":{"start":{"line":863,"column":21},"end":{"line":863,"column":59}},"357":{"start":{"line":865,"column":8},"end":{"line":865,"column":31}},"358":{"start":{"line":867,"column":8},"end":{"line":869,"column":9}},"359":{"start":{"line":868,"column":12},"end":{"line":868,"column":71}},"360":{"start":{"line":872,"column":27},"end":{"line":878,"column":10}},"361":{"start":{"line":881,"column":8},"end":{"line":881,"column":32}},"362":{"start":{"line":884,"column":8},"end":{"line":884,"column":43}},"363":{"start":{"line":885,"column":8},"end":{"line":885,"column":26}},"364":{"start":{"line":888,"column":8},"end":{"line":891,"column":11}},"365":{"start":{"line":893,"column":8},"end":{"line":893,"column":57}},"366":{"start":{"line":898,"column":28},"end":{"line":915,"column":1}},"367":{"start":{"line":899,"column":4},"end":{"line":914,"column":5}},"368":{"start":{"line":901,"column":27},"end":{"line":901,"column":37}},"369":{"start":{"line":904,"column":21},"end":{"line":904,"column":80}},"370":{"start":{"line":906,"column":8},"end":{"line":909,"column":9}},"371":{"start":{"line":908,"column":12},"end":{"line":908,"column":71}},"372":{"start":{"line":911,"column":8},"end":{"line":911,"column":44}},"373":{"start":{"line":913,"column":8},"end":{"line":913,"column":57}},"374":{"start":{"line":917,"column":22},"end":{"line":944,"column":1}},"375":{"start":{"line":918,"column":4},"end":{"line":943,"column":5}},"376":{"start":{"line":920,"column":30},"end":{"line":920,"column":40}},"377":{"start":{"line":923,"column":31},"end":{"line":923,"column":87}},"378":{"start":{"line":926,"column":8},"end":{"line":928,"column":9}},"379":{"start":{"line":927,"column":12},"end":{"line":927,"column":74}},"380":{"start":{"line":931,"column":8},"end":{"line":937,"column":10}},"381":{"start":{"line":940,"column":8},"end":{"line":940,"column":99}},"382":{"start":{"line":942,"column":8},"end":{"line":942,"column":57}},"383":{"start":{"line":946,"column":17},"end":{"line":982,"column":3}},"384":{"start":{"line":947,"column":4},"end":{"line":981,"column":5}},"385":{"start":{"line":948,"column":23},"end":{"line":948,"column":40}},"386":{"start":{"line":949,"column":29},"end":{"line":949,"column":37}},"387":{"start":{"line":952,"column":21},"end":{"line":952,"column":63}},"388":{"start":{"line":953,"column":8},"end":{"line":955,"column":9}},"389":{"start":{"line":954,"column":12},"end":{"line":954,"column":71}},"390":{"start":{"line":958,"column":21},"end":{"line":958,"column":59}},"391":{"start":{"line":959,"column":8},"end":{"line":961,"column":9}},"392":{"start":{"line":960,"column":12},"end":{"line":960,"column":71}},"393":{"start":{"line":964,"column":29},"end":{"line":964,"column":83}},"394":{"start":{"line":965,"column":8},"end":{"line":967,"column":9}},"395":{"start":{"line":966,"column":12},"end":{"line":966,"column":83}},"396":{"start":{"line":970,"column":24},"end":{"line":970,"column":68}},"397":{"start":{"line":971,"column":8},"end":{"line":971,"column":29}},"398":{"start":{"line":973,"column":8},"end":{"line":973,"column":24}},"399":{"start":{"line":974,"column":8},"end":{"line":974,"column":26}},"400":{"start":{"line":977,"column":8},"end":{"line":977,"column":75}},"401":{"start":{"line":980,"column":6},"end":{"line":980,"column":55}},"402":{"start":{"line":985,"column":19},"end":{"line":1020,"column":1}},"403":{"start":{"line":986,"column":4},"end":{"line":1019,"column":5}},"404":{"start":{"line":988,"column":23},"end":{"line":988,"column":40}},"405":{"start":{"line":990,"column":29},"end":{"line":990,"column":37}},"406":{"start":{"line":993,"column":21},"end":{"line":993,"column":63}},"407":{"start":{"line":994,"column":8},"end":{"line":996,"column":9}},"408":{"start":{"line":995,"column":12},"end":{"line":995,"column":71}},"409":{"start":{"line":999,"column":21},"end":{"line":999,"column":59}},"410":{"start":{"line":1000,"column":8},"end":{"line":1002,"column":9}},"411":{"start":{"line":1001,"column":12},"end":{"line":1001,"column":71}},"412":{"start":{"line":1005,"column":21},"end":{"line":1005,"column":84}},"413":{"start":{"line":1006,"column":8},"end":{"line":1008,"column":9}},"414":{"start":{"line":1007,"column":12},"end":{"line":1007,"column":79}},"415":{"start":{"line":1011,"column":8},"end":{"line":1011,"column":24}},"416":{"start":{"line":1012,"column":8},"end":{"line":1012,"column":26}},"417":{"start":{"line":1015,"column":8},"end":{"line":1015,"column":77}},"418":{"start":{"line":1018,"column":8},"end":{"line":1018,"column":57}},"419":{"start":{"line":1022,"column":25},"end":{"line":1052,"column":1}},"420":{"start":{"line":1023,"column":4},"end":{"line":1051,"column":5}},"421":{"start":{"line":1024,"column":23},"end":{"line":1024,"column":40}},"422":{"start":{"line":1025,"column":29},"end":{"line":1025,"column":37}},"423":{"start":{"line":1028,"column":21},"end":{"line":1028,"column":63}},"424":{"start":{"line":1029,"column":8},"end":{"line":1031,"column":9}},"425":{"start":{"line":1030,"column":12},"end":{"line":1030,"column":71}},"426":{"start":{"line":1034,"column":21},"end":{"line":1034,"column":59}},"427":{"start":{"line":1035,"column":8},"end":{"line":1037,"column":9}},"428":{"start":{"line":1036,"column":12},"end":{"line":1036,"column":71}},"429":{"start":{"line":1040,"column":29},"end":{"line":1040,"column":83}},"430":{"start":{"line":1041,"column":8},"end":{"line":1047,"column":9}},"431":{"start":{"line":1043,"column":12},"end":{"line":1043,"column":88}},"432":{"start":{"line":1046,"column":12},"end":{"line":1046,"column":93}},"433":{"start":{"line":1050,"column":8},"end":{"line":1050,"column":57}},"434":{"start":{"line":1054,"column":20},"end":{"line":1077,"column":1}},"435":{"start":{"line":1055,"column":4},"end":{"line":1076,"column":5}},"436":{"start":{"line":1057,"column":24},"end":{"line":1057,"column":44}},"437":{"start":{"line":1060,"column":22},"end":{"line":1064,"column":7}},"438":{"start":{"line":1067,"column":6},"end":{"line":1069,"column":7}},"439":{"start":{"line":1068,"column":8},"end":{"line":1068,"column":70}},"440":{"start":{"line":1072,"column":6},"end":{"line":1072,"column":79}},"441":{"start":{"line":1075,"column":6},"end":{"line":1075,"column":55}},"442":{"start":{"line":1079,"column":22},"end":{"line":1102,"column":1}},"443":{"start":{"line":1080,"column":4},"end":{"line":1101,"column":5}},"444":{"start":{"line":1082,"column":24},"end":{"line":1082,"column":44}},"445":{"start":{"line":1085,"column":22},"end":{"line":1089,"column":7}},"446":{"start":{"line":1092,"column":6},"end":{"line":1094,"column":7}},"447":{"start":{"line":1093,"column":8},"end":{"line":1093,"column":70}},"448":{"start":{"line":1097,"column":6},"end":{"line":1097,"column":81}},"449":{"start":{"line":1100,"column":6},"end":{"line":1100,"column":55}},"450":{"start":{"line":1104,"column":0},"end":{"line":1149,"column":1}}},"fnMap":{"0":{"name":"(anonymous_0)","decl":{"start":{"line":17,"column":18},"end":{"line":17,"column":19}},"loc":{"start":{"line":17,"column":24},"end":{"line":21,"column":1}},"line":17},"1":{"name":"(anonymous_1)","decl":{"start":{"line":24,"column":17},"end":{"line":24,"column":18}},"loc":{"start":{"line":24,"column":37},"end":{"line":31,"column":1}},"line":24},"2":{"name":"(anonymous_2)","decl":{"start":{"line":34,"column":16},"end":{"line":34,"column":17}},"loc":{"start":{"line":34,"column":36},"end":{"line":50,"column":1}},"line":34},"3":{"name":"(anonymous_3)","decl":{"start":{"line":52,"column":21},"end":{"line":52,"column":22}},"loc":{"start":{"line":52,"column":41},"end":{"line":105,"column":1}},"line":52},"4":{"name":"(anonymous_4)","decl":{"start":{"line":79,"column":34},"end":{"line":79,"column":35}},"loc":{"start":{"line":79,"column":46},"end":{"line":94,"column":9}},"line":79},"5":{"name":"(anonymous_5)","decl":{"start":{"line":96,"column":33},"end":{"line":96,"column":34}},"loc":{"start":{"line":96,"column":44},"end":{"line":99,"column":9}},"line":96},"6":{"name":"(anonymous_6)","decl":{"start":{"line":108,"column":18},"end":{"line":108,"column":19}},"loc":{"start":{"line":108,"column":38},"end":{"line":142,"column":1}},"line":108},"7":{"name":"(anonymous_7)","decl":{"start":{"line":146,"column":19},"end":{"line":146,"column":20}},"loc":{"start":{"line":146,"column":39},"end":{"line":170,"column":1}},"line":146},"8":{"name":"(anonymous_8)","decl":{"start":{"line":173,"column":19},"end":{"line":173,"column":20}},"loc":{"start":{"line":173,"column":39},"end":{"line":196,"column":1}},"line":173},"9":{"name":"(anonymous_9)","decl":{"start":{"line":199,"column":21},"end":{"line":199,"column":22}},"loc":{"start":{"line":199,"column":41},"end":{"line":215,"column":1}},"line":199},"10":{"name":"(anonymous_10)","decl":{"start":{"line":218,"column":20},"end":{"line":218,"column":21}},"loc":{"start":{"line":218,"column":40},"end":{"line":233,"column":1}},"line":218},"11":{"name":"(anonymous_11)","decl":{"start":{"line":236,"column":29},"end":{"line":236,"column":30}},"loc":{"start":{"line":236,"column":49},"end":{"line":275,"column":1}},"line":236},"12":{"name":"(anonymous_12)","decl":{"start":{"line":278,"column":26},"end":{"line":278,"column":27}},"loc":{"start":{"line":278,"column":46},"end":{"line":298,"column":1}},"line":278},"13":{"name":"(anonymous_13)","decl":{"start":{"line":300,"column":22},"end":{"line":300,"column":23}},"loc":{"start":{"line":300,"column":42},"end":{"line":338,"column":1}},"line":300},"14":{"name":"(anonymous_14)","decl":{"start":{"line":341,"column":25},"end":{"line":341,"column":26}},"loc":{"start":{"line":341,"column":45},"end":{"line":360,"column":1}},"line":341},"15":{"name":"(anonymous_15)","decl":{"start":{"line":351,"column":40},"end":{"line":351,"column":41}},"loc":{"start":{"line":351,"column":45},"end":{"line":351,"column":65}},"line":351},"16":{"name":"(anonymous_16)","decl":{"start":{"line":363,"column":19},"end":{"line":363,"column":20}},"loc":{"start":{"line":363,"column":39},"end":{"line":386,"column":3}},"line":363},"17":{"name":"(anonymous_17)","decl":{"start":{"line":374,"column":41},"end":{"line":374,"column":42}},"loc":{"start":{"line":374,"column":59},"end":{"line":381,"column":7}},"line":374},"18":{"name":"(anonymous_18)","decl":{"start":{"line":389,"column":22},"end":{"line":389,"column":23}},"loc":{"start":{"line":389,"column":42},"end":{"line":413,"column":1}},"line":389},"19":{"name":"(anonymous_19)","decl":{"start":{"line":416,"column":22},"end":{"line":416,"column":23}},"loc":{"start":{"line":416,"column":42},"end":{"line":437,"column":1}},"line":416},"20":{"name":"(anonymous_20)","decl":{"start":{"line":440,"column":26},"end":{"line":440,"column":27}},"loc":{"start":{"line":440,"column":46},"end":{"line":454,"column":1}},"line":440},"21":{"name":"(anonymous_21)","decl":{"start":{"line":458,"column":24},"end":{"line":458,"column":25}},"loc":{"start":{"line":458,"column":44},"end":{"line":489,"column":1}},"line":458},"22":{"name":"(anonymous_22)","decl":{"start":{"line":469,"column":50},"end":{"line":469,"column":51}},"loc":{"start":{"line":469,"column":55},"end":{"line":469,"column":75}},"line":469},"23":{"name":"(anonymous_23)","decl":{"start":{"line":492,"column":24},"end":{"line":492,"column":25}},"loc":{"start":{"line":492,"column":44},"end":{"line":525,"column":1}},"line":492},"24":{"name":"(anonymous_24)","decl":{"start":{"line":503,"column":50},"end":{"line":503,"column":51}},"loc":{"start":{"line":503,"column":55},"end":{"line":503,"column":75}},"line":503},"25":{"name":"(anonymous_25)","decl":{"start":{"line":512,"column":38},"end":{"line":512,"column":39}},"loc":{"start":{"line":512,"column":58},"end":{"line":515,"column":9}},"line":512},"26":{"name":"(anonymous_26)","decl":{"start":{"line":530,"column":19},"end":{"line":530,"column":20}},"loc":{"start":{"line":530,"column":39},"end":{"line":624,"column":1}},"line":530},"27":{"name":"(anonymous_27)","decl":{"start":{"line":582,"column":42},"end":{"line":582,"column":43}},"loc":{"start":{"line":582,"column":61},"end":{"line":606,"column":9}},"line":582},"28":{"name":"(anonymous_28)","decl":{"start":{"line":612,"column":19},"end":{"line":612,"column":20}},"loc":{"start":{"line":612,"column":25},"end":{"line":614,"column":9}},"line":612},"29":{"name":"(anonymous_29)","decl":{"start":{"line":627,"column":24},"end":{"line":627,"column":25}},"loc":{"start":{"line":627,"column":44},"end":{"line":645,"column":1}},"line":627},"30":{"name":"(anonymous_30)","decl":{"start":{"line":648,"column":21},"end":{"line":648,"column":22}},"loc":{"start":{"line":648,"column":41},"end":{"line":662,"column":1}},"line":648},"31":{"name":"(anonymous_31)","decl":{"start":{"line":664,"column":17},"end":{"line":664,"column":18}},"loc":{"start":{"line":664,"column":37},"end":{"line":689,"column":1}},"line":664},"32":{"name":"(anonymous_32)","decl":{"start":{"line":692,"column":20},"end":{"line":692,"column":21}},"loc":{"start":{"line":692,"column":40},"end":{"line":714,"column":1}},"line":692},"33":{"name":"(anonymous_33)","decl":{"start":{"line":716,"column":26},"end":{"line":716,"column":27}},"loc":{"start":{"line":716,"column":46},"end":{"line":743,"column":1}},"line":716},"34":{"name":"(anonymous_34)","decl":{"start":{"line":745,"column":19},"end":{"line":745,"column":20}},"loc":{"start":{"line":745,"column":39},"end":{"line":804,"column":1}},"line":745},"35":{"name":"(anonymous_35)","decl":{"start":{"line":807,"column":19},"end":{"line":807,"column":20}},"loc":{"start":{"line":807,"column":39},"end":{"line":847,"column":1}},"line":807},"36":{"name":"(anonymous_36)","decl":{"start":{"line":850,"column":22},"end":{"line":850,"column":23}},"loc":{"start":{"line":850,"column":42},"end":{"line":895,"column":1}},"line":850},"37":{"name":"(anonymous_37)","decl":{"start":{"line":898,"column":28},"end":{"line":898,"column":29}},"loc":{"start":{"line":898,"column":48},"end":{"line":915,"column":1}},"line":898},"38":{"name":"(anonymous_38)","decl":{"start":{"line":917,"column":22},"end":{"line":917,"column":23}},"loc":{"start":{"line":917,"column":42},"end":{"line":944,"column":1}},"line":917},"39":{"name":"(anonymous_39)","decl":{"start":{"line":946,"column":17},"end":{"line":946,"column":18}},"loc":{"start":{"line":946,"column":37},"end":{"line":982,"column":3}},"line":946},"40":{"name":"(anonymous_40)","decl":{"start":{"line":985,"column":19},"end":{"line":985,"column":20}},"loc":{"start":{"line":985,"column":39},"end":{"line":1020,"column":1}},"line":985},"41":{"name":"(anonymous_41)","decl":{"start":{"line":1022,"column":25},"end":{"line":1022,"column":26}},"loc":{"start":{"line":1022,"column":45},"end":{"line":1052,"column":1}},"line":1022},"42":{"name":"(anonymous_42)","decl":{"start":{"line":1054,"column":20},"end":{"line":1054,"column":21}},"loc":{"start":{"line":1054,"column":40},"end":{"line":1077,"column":1}},"line":1054},"43":{"name":"(anonymous_43)","decl":{"start":{"line":1079,"column":22},"end":{"line":1079,"column":23}},"loc":{"start":{"line":1079,"column":42},"end":{"line":1102,"column":1}},"line":1079}},"branchMap":{"0":{"loc":{"start":{"line":41,"column":8},"end":{"line":43,"column":9}},"type":"if","locations":[{"start":{"line":41,"column":8},"end":{"line":43,"column":9}},{"start":{},"end":{}}],"line":41},"1":{"loc":{"start":{"line":58,"column":8},"end":{"line":60,"column":9}},"type":"if","locations":[{"start":{"line":58,"column":8},"end":{"line":60,"column":9}},{"start":{},"end":{}}],"line":58},"2":{"loc":{"start":{"line":114,"column":8},"end":{"line":116,"column":9}},"type":"if","locations":[{"start":{"line":114,"column":8},"end":{"line":116,"column":9}},{"start":{},"end":{}}],"line":114},"3":{"loc":{"start":{"line":120,"column":8},"end":{"line":122,"column":9}},"type":"if","locations":[{"start":{"line":120,"column":8},"end":{"line":122,"column":9}},{"start":{},"end":{}}],"line":120},"4":{"loc":{"start":{"line":153,"column":8},"end":{"line":155,"column":9}},"type":"if","locations":[{"start":{"line":153,"column":8},"end":{"line":155,"column":9}},{"start":{},"end":{}}],"line":153},"5":{"loc":{"start":{"line":158,"column":8},"end":{"line":160,"column":9}},"type":"if","locations":[{"start":{"line":158,"column":8},"end":{"line":160,"column":9}},{"start":{},"end":{}}],"line":158},"6":{"loc":{"start":{"line":180,"column":8},"end":{"line":182,"column":9}},"type":"if","locations":[{"start":{"line":180,"column":8},"end":{"line":182,"column":9}},{"start":{},"end":{}}],"line":180},"7":{"loc":{"start":{"line":185,"column":8},"end":{"line":187,"column":9}},"type":"if","locations":[{"start":{"line":185,"column":8},"end":{"line":187,"column":9}},{"start":{},"end":{}}],"line":185},"8":{"loc":{"start":{"line":204,"column":8},"end":{"line":206,"column":9}},"type":"if","locations":[{"start":{"line":204,"column":8},"end":{"line":206,"column":9}},{"start":{},"end":{}}],"line":204},"9":{"loc":{"start":{"line":225,"column":6},"end":{"line":227,"column":7}},"type":"if","locations":[{"start":{"line":225,"column":6},"end":{"line":227,"column":7}},{"start":{},"end":{}}],"line":225},"10":{"loc":{"start":{"line":239,"column":8},"end":{"line":242,"column":9}},"type":"if","locations":[{"start":{"line":239,"column":8},"end":{"line":242,"column":9}},{"start":{},"end":{}}],"line":239},"11":{"loc":{"start":{"line":245,"column":8},"end":{"line":248,"column":9}},"type":"if","locations":[{"start":{"line":245,"column":8},"end":{"line":248,"column":9}},{"start":{},"end":{}}],"line":245},"12":{"loc":{"start":{"line":251,"column":8},"end":{"line":257,"column":9}},"type":"if","locations":[{"start":{"line":251,"column":8},"end":{"line":257,"column":9}},{"start":{},"end":{}}],"line":251},"13":{"loc":{"start":{"line":283,"column":8},"end":{"line":285,"column":9}},"type":"if","locations":[{"start":{"line":283,"column":8},"end":{"line":285,"column":9}},{"start":{},"end":{}}],"line":283},"14":{"loc":{"start":{"line":283,"column":12},"end":{"line":283,"column":41}},"type":"binary-expr","locations":[{"start":{"line":283,"column":12},"end":{"line":283,"column":17}},{"start":{"line":283,"column":21},"end":{"line":283,"column":41}}],"line":283},"15":{"loc":{"start":{"line":311,"column":8},"end":{"line":313,"column":9}},"type":"if","locations":[{"start":{"line":311,"column":8},"end":{"line":313,"column":9}},{"start":{},"end":{}}],"line":311},"16":{"loc":{"start":{"line":347,"column":8},"end":{"line":349,"column":9}},"type":"if","locations":[{"start":{"line":347,"column":8},"end":{"line":349,"column":9}},{"start":{},"end":{}}],"line":347},"17":{"loc":{"start":{"line":352,"column":8},"end":{"line":354,"column":9}},"type":"if","locations":[{"start":{"line":352,"column":8},"end":{"line":354,"column":9}},{"start":{},"end":{}}],"line":352},"18":{"loc":{"start":{"line":366,"column":6},"end":{"line":368,"column":7}},"type":"if","locations":[{"start":{"line":366,"column":6},"end":{"line":368,"column":7}},{"start":{},"end":{}}],"line":366},"19":{"loc":{"start":{"line":371,"column":25},"end":{"line":371,"column":77}},"type":"cond-expr","locations":[{"start":{"line":371,"column":55},"end":{"line":371,"column":69}},{"start":{"line":371,"column":72},"end":{"line":371,"column":77}}],"line":371},"20":{"loc":{"start":{"line":375,"column":8},"end":{"line":377,"column":9}},"type":"if","locations":[{"start":{"line":375,"column":8},"end":{"line":377,"column":9}},{"start":{},"end":{}}],"line":375},"21":{"loc":{"start":{"line":395,"column":8},"end":{"line":397,"column":9}},"type":"if","locations":[{"start":{"line":395,"column":8},"end":{"line":397,"column":9}},{"start":{},"end":{}}],"line":395},"22":{"loc":{"start":{"line":422,"column":8},"end":{"line":424,"column":9}},"type":"if","locations":[{"start":{"line":422,"column":8},"end":{"line":424,"column":9}},{"start":{},"end":{}}],"line":422},"23":{"loc":{"start":{"line":446,"column":8},"end":{"line":448,"column":9}},"type":"if","locations":[{"start":{"line":446,"column":8},"end":{"line":448,"column":9}},{"start":{},"end":{}}],"line":446},"24":{"loc":{"start":{"line":465,"column":8},"end":{"line":467,"column":9}},"type":"if","locations":[{"start":{"line":465,"column":8},"end":{"line":467,"column":9}},{"start":{},"end":{}}],"line":465},"25":{"loc":{"start":{"line":470,"column":8},"end":{"line":472,"column":9}},"type":"if","locations":[{"start":{"line":470,"column":8},"end":{"line":472,"column":9}},{"start":{},"end":{}}],"line":470},"26":{"loc":{"start":{"line":499,"column":8},"end":{"line":501,"column":9}},"type":"if","locations":[{"start":{"line":499,"column":8},"end":{"line":501,"column":9}},{"start":{},"end":{}}],"line":499},"27":{"loc":{"start":{"line":504,"column":8},"end":{"line":506,"column":9}},"type":"if","locations":[{"start":{"line":504,"column":8},"end":{"line":506,"column":9}},{"start":{},"end":{}}],"line":504},"28":{"loc":{"start":{"line":537,"column":22},"end":{"line":537,"column":55}},"type":"binary-expr","locations":[{"start":{"line":537,"column":22},"end":{"line":537,"column":31}},{"start":{"line":537,"column":35},"end":{"line":537,"column":55}}],"line":537},"29":{"loc":{"start":{"line":543,"column":8},"end":{"line":545,"column":9}},"type":"if","locations":[{"start":{"line":543,"column":8},"end":{"line":545,"column":9}},{"start":{},"end":{}}],"line":543},"30":{"loc":{"start":{"line":551,"column":8},"end":{"line":579,"column":9}},"type":"if","locations":[{"start":{"line":551,"column":8},"end":{"line":579,"column":9}},{"start":{},"end":{}}],"line":551},"31":{"loc":{"start":{"line":555,"column":12},"end":{"line":578,"column":13}},"type":"if","locations":[{"start":{"line":555,"column":12},"end":{"line":578,"column":13}},{"start":{},"end":{}}],"line":555},"32":{"loc":{"start":{"line":555,"column":16},"end":{"line":555,"column":65}},"type":"binary-expr","locations":[{"start":{"line":555,"column":16},"end":{"line":555,"column":28}},{"start":{"line":555,"column":32},"end":{"line":555,"column":41}},{"start":{"line":555,"column":45},"end":{"line":555,"column":65}}],"line":555},"33":{"loc":{"start":{"line":584,"column":12},"end":{"line":593,"column":13}},"type":"if","locations":[{"start":{"line":584,"column":12},"end":{"line":593,"column":13}},{"start":{},"end":{}}],"line":584},"34":{"loc":{"start":{"line":584,"column":16},"end":{"line":584,"column":49}},"type":"binary-expr","locations":[{"start":{"line":584,"column":16},"end":{"line":584,"column":25}},{"start":{"line":584,"column":29},"end":{"line":584,"column":49}}],"line":584},"35":{"loc":{"start":{"line":631,"column":8},"end":{"line":633,"column":9}},"type":"if","locations":[{"start":{"line":631,"column":8},"end":{"line":633,"column":9}},{"start":{},"end":{}}],"line":631},"36":{"loc":{"start":{"line":680,"column":8},"end":{"line":682,"column":9}},"type":"if","locations":[{"start":{"line":680,"column":8},"end":{"line":682,"column":9}},{"start":{},"end":{}}],"line":680},"37":{"loc":{"start":{"line":680,"column":12},"end":{"line":680,"column":40}},"type":"binary-expr","locations":[{"start":{"line":680,"column":12},"end":{"line":680,"column":18}},{"start":{"line":680,"column":22},"end":{"line":680,"column":40}}],"line":680},"38":{"loc":{"start":{"line":705,"column":8},"end":{"line":707,"column":9}},"type":"if","locations":[{"start":{"line":705,"column":8},"end":{"line":707,"column":9}},{"start":{},"end":{}}],"line":705},"39":{"loc":{"start":{"line":723,"column":8},"end":{"line":725,"column":9}},"type":"if","locations":[{"start":{"line":723,"column":8},"end":{"line":725,"column":9}},{"start":{},"end":{}}],"line":723},"40":{"loc":{"start":{"line":756,"column":8},"end":{"line":759,"column":9}},"type":"if","locations":[{"start":{"line":756,"column":8},"end":{"line":759,"column":9}},{"start":{},"end":{}}],"line":756},"41":{"loc":{"start":{"line":766,"column":8},"end":{"line":770,"column":9}},"type":"if","locations":[{"start":{"line":766,"column":8},"end":{"line":770,"column":9}},{"start":{},"end":{}}],"line":766},"42":{"loc":{"start":{"line":766,"column":12},"end":{"line":766,"column":49}},"type":"binary-expr","locations":[{"start":{"line":766,"column":12},"end":{"line":766,"column":23}},{"start":{"line":766,"column":27},"end":{"line":766,"column":49}}],"line":766},"43":{"loc":{"start":{"line":774,"column":8},"end":{"line":789,"column":9}},"type":"if","locations":[{"start":{"line":774,"column":8},"end":{"line":789,"column":9}},{"start":{},"end":{}}],"line":774},"44":{"loc":{"start":{"line":774,"column":12},"end":{"line":774,"column":41}},"type":"binary-expr","locations":[{"start":{"line":774,"column":12},"end":{"line":774,"column":21}},{"start":{"line":774,"column":25},"end":{"line":774,"column":41}}],"line":774},"45":{"loc":{"start":{"line":775,"column":26},"end":{"line":775,"column":97}},"type":"cond-expr","locations":[{"start":{"line":775,"column":60},"end":{"line":775,"column":76}},{"start":{"line":775,"column":79},"end":{"line":775,"column":97}}],"line":775},"46":{"loc":{"start":{"line":813,"column":8},"end":{"line":816,"column":9}},"type":"if","locations":[{"start":{"line":813,"column":8},"end":{"line":816,"column":9}},{"start":{},"end":{}}],"line":813},"47":{"loc":{"start":{"line":831,"column":8},"end":{"line":836,"column":9}},"type":"if","locations":[{"start":{"line":831,"column":8},"end":{"line":836,"column":9}},{"start":{},"end":{}}],"line":831},"48":{"loc":{"start":{"line":831,"column":12},"end":{"line":831,"column":49}},"type":"binary-expr","locations":[{"start":{"line":831,"column":12},"end":{"line":831,"column":23}},{"start":{"line":831,"column":27},"end":{"line":831,"column":49}}],"line":831},"49":{"loc":{"start":{"line":858,"column":8},"end":{"line":860,"column":9}},"type":"if","locations":[{"start":{"line":858,"column":8},"end":{"line":860,"column":9}},{"start":{},"end":{}}],"line":858},"50":{"loc":{"start":{"line":867,"column":8},"end":{"line":869,"column":9}},"type":"if","locations":[{"start":{"line":867,"column":8},"end":{"line":869,"column":9}},{"start":{},"end":{}}],"line":867},"51":{"loc":{"start":{"line":906,"column":8},"end":{"line":909,"column":9}},"type":"if","locations":[{"start":{"line":906,"column":8},"end":{"line":909,"column":9}},{"start":{},"end":{}}],"line":906},"52":{"loc":{"start":{"line":926,"column":8},"end":{"line":928,"column":9}},"type":"if","locations":[{"start":{"line":926,"column":8},"end":{"line":928,"column":9}},{"start":{},"end":{}}],"line":926},"53":{"loc":{"start":{"line":953,"column":8},"end":{"line":955,"column":9}},"type":"if","locations":[{"start":{"line":953,"column":8},"end":{"line":955,"column":9}},{"start":{},"end":{}}],"line":953},"54":{"loc":{"start":{"line":959,"column":8},"end":{"line":961,"column":9}},"type":"if","locations":[{"start":{"line":959,"column":8},"end":{"line":961,"column":9}},{"start":{},"end":{}}],"line":959},"55":{"loc":{"start":{"line":965,"column":8},"end":{"line":967,"column":9}},"type":"if","locations":[{"start":{"line":965,"column":8},"end":{"line":967,"column":9}},{"start":{},"end":{}}],"line":965},"56":{"loc":{"start":{"line":994,"column":8},"end":{"line":996,"column":9}},"type":"if","locations":[{"start":{"line":994,"column":8},"end":{"line":996,"column":9}},{"start":{},"end":{}}],"line":994},"57":{"loc":{"start":{"line":1000,"column":8},"end":{"line":1002,"column":9}},"type":"if","locations":[{"start":{"line":1000,"column":8},"end":{"line":1002,"column":9}},{"start":{},"end":{}}],"line":1000},"58":{"loc":{"start":{"line":1006,"column":8},"end":{"line":1008,"column":9}},"type":"if","locations":[{"start":{"line":1006,"column":8},"end":{"line":1008,"column":9}},{"start":{},"end":{}}],"line":1006},"59":{"loc":{"start":{"line":1029,"column":8},"end":{"line":1031,"column":9}},"type":"if","locations":[{"start":{"line":1029,"column":8},"end":{"line":1031,"column":9}},{"start":{},"end":{}}],"line":1029},"60":{"loc":{"start":{"line":1035,"column":8},"end":{"line":1037,"column":9}},"type":"if","locations":[{"start":{"line":1035,"column":8},"end":{"line":1037,"column":9}},{"start":{},"end":{}}],"line":1035},"61":{"loc":{"start":{"line":1041,"column":8},"end":{"line":1047,"column":9}},"type":"if","locations":[{"start":{"line":1041,"column":8},"end":{"line":1047,"column":9}},{"start":{"line":1044,"column":15},"end":{"line":1047,"column":9}}],"line":1041},"62":{"loc":{"start":{"line":1067,"column":6},"end":{"line":1069,"column":7}},"type":"if","locations":[{"start":{"line":1067,"column":6},"end":{"line":1069,"column":7}},{"start":{},"end":{}}],"line":1067},"63":{"loc":{"start":{"line":1092,"column":6},"end":{"line":1094,"column":7}},"type":"if","locations":[{"start":{"line":1092,"column":6},"end":{"line":1094,"column":7}},{"start":{},"end":{}}],"line":1092}},"s":{"0":2,"1":2,"2":2,"3":2,"4":2,"5":2,"6":2,"7":2,"8":2,"9":2,"10":2,"11":2,"12":2,"13":0,"14":0,"15":0,"16":0,"17":2,"18":0,"19":0,"20":0,"21":0,"22":0,"23":0,"24":0,"25":2,"26":9,"27":9,"28":9,"29":9,"30":1,"31":8,"32":8,"33":1,"34":1,"35":1,"36":1,"37":1,"38":1,"39":1,"40":1,"41":1,"42":1,"43":0,"44":0,"45":7,"46":7,"47":2,"48":38,"49":38,"50":38,"51":38,"52":1,"53":37,"54":37,"55":1,"56":36,"57":36,"58":36,"59":0,"60":0,"61":2,"62":1,"63":1,"64":1,"65":1,"66":0,"67":1,"68":0,"69":1,"70":1,"71":0,"72":2,"73":1,"74":1,"75":1,"76":1,"77":0,"78":1,"79":0,"80":1,"81":1,"82":0,"83":2,"84":1,"85":1,"86":1,"87":1,"88":0,"89":1,"90":1,"91":1,"92":0,"93":2,"94":2,"95":2,"96":2,"97":2,"98":1,"99":1,"100":0,"101":2,"102":6,"103":6,"104":6,"105":0,"106":0,"107":6,"108":6,"109":1,"110":1,"111":5,"112":1,"113":1,"114":0,"115":5,"116":5,"117":5,"118":5,"119":5,"120":0,"121":2,"122":1,"123":1,"124":1,"125":1,"126":0,"127":1,"128":1,"129":1,"130":0,"131":2,"132":5,"133":5,"134":5,"135":5,"136":0,"137":5,"138":5,"139":5,"140":0,"141":2,"142":1,"143":1,"144":1,"145":1,"146":1,"147":0,"148":1,"149":1,"150":1,"151":0,"152":1,"153":0,"154":2,"155":3,"156":3,"157":3,"158":1,"159":2,"160":2,"161":2,"162":1,"163":1,"164":0,"165":0,"166":2,"167":1,"168":1,"169":1,"170":1,"171":0,"172":1,"173":1,"174":0,"175":2,"176":3,"177":3,"178":3,"179":3,"180":0,"181":3,"182":3,"183":3,"184":0,"185":2,"186":1,"187":1,"188":1,"189":1,"190":0,"191":1,"192":0,"193":2,"194":0,"195":0,"196":0,"197":0,"198":0,"199":0,"200":0,"201":0,"202":0,"203":0,"204":0,"205":0,"206":0,"207":0,"208":0,"209":2,"210":1,"211":1,"212":1,"213":1,"214":1,"215":0,"216":1,"217":1,"218":1,"219":0,"220":1,"221":1,"222":0,"223":1,"224":1,"225":0,"226":2,"227":2,"228":2,"229":3,"230":3,"231":3,"232":3,"233":3,"234":0,"235":3,"236":3,"237":0,"238":0,"239":0,"240":0,"241":0,"242":0,"243":0,"244":0,"245":0,"246":0,"247":0,"248":0,"249":3,"250":3,"251":3,"252":2,"253":2,"254":2,"255":2,"256":2,"257":3,"258":3,"259":3,"260":3,"261":3,"262":3,"263":3,"264":0,"265":3,"266":3,"267":0,"268":0,"269":2,"270":0,"271":0,"272":0,"273":0,"274":0,"275":0,"276":0,"277":0,"278":0,"279":2,"280":0,"281":0,"282":0,"283":0,"284":0,"285":0,"286":2,"287":1,"288":1,"289":1,"290":0,"291":1,"292":0,"293":2,"294":2,"295":2,"296":2,"297":2,"298":1,"299":1,"300":0,"301":2,"302":1,"303":1,"304":1,"305":1,"306":0,"307":1,"308":1,"309":0,"310":2,"311":1,"312":1,"313":1,"314":1,"315":1,"316":0,"317":1,"318":1,"319":1,"320":0,"321":0,"322":1,"323":1,"324":0,"325":0,"326":0,"327":0,"328":0,"329":1,"330":1,"331":1,"332":1,"333":0,"334":2,"335":1,"336":1,"337":1,"338":1,"339":0,"340":1,"341":1,"342":1,"343":1,"344":0,"345":0,"346":1,"347":1,"348":0,"349":2,"350":3,"351":3,"352":3,"353":3,"354":3,"355":0,"356":3,"357":3,"358":3,"359":0,"360":3,"361":3,"362":3,"363":3,"364":3,"365":0,"366":2,"367":1,"368":1,"369":1,"370":1,"371":0,"372":1,"373":0,"374":2,"375":1,"376":1,"377":1,"378":1,"379":0,"380":1,"381":1,"382":0,"383":2,"384":3,"385":3,"386":3,"387":3,"388":3,"389":0,"390":3,"391":3,"392":0,"393":3,"394":3,"395":0,"396":3,"397":3,"398":3,"399":3,"400":3,"401":0,"402":2,"403":1,"404":1,"405":1,"406":1,"407":1,"408":0,"409":1,"410":1,"411":0,"412":1,"413":1,"414":0,"415":1,"416":1,"417":1,"418":0,"419":2,"420":1,"421":1,"422":1,"423":1,"424":1,"425":0,"426":1,"427":1,"428":0,"429":1,"430":1,"431":1,"432":0,"433":0,"434":2,"435":0,"436":0,"437":0,"438":0,"439":0,"440":0,"441":0,"442":2,"443":0,"444":0,"445":0,"446":0,"447":0,"448":0,"449":0,"450":2},"f":{"0":2,"1":0,"2":0,"3":9,"4":1,"5":0,"6":38,"7":1,"8":1,"9":1,"10":2,"11":6,"12":1,"13":5,"14":1,"15":1,"16":3,"17":2,"18":1,"19":3,"20":1,"21":0,"22":0,"23":1,"24":1,"25":0,"26":3,"27":3,"28":0,"29":0,"30":0,"31":1,"32":2,"33":1,"34":1,"35":1,"36":3,"37":1,"38":1,"39":3,"40":1,"41":1,"42":0,"43":0},"b":{"0":[0,0],"1":[1,8],"2":[1,37],"3":[1,36],"4":[0,1],"5":[0,1],"6":[0,1],"7":[0,1],"8":[0,1],"9":[1,1],"10":[0,6],"11":[1,5],"12":[1,4],"13":[0,1],"14":[1,1],"15":[0,5],"16":[0,1],"17":[0,1],"18":[1,2],"19":[2,0],"20":[1,1],"21":[0,1],"22":[0,3],"23":[0,1],"24":[0,0],"25":[0,0],"26":[0,1],"27":[0,1],"28":[3,2],"29":[0,3],"30":[0,3],"31":[0,0],"32":[0,0,0],"33":[2,1],"34":[3,2],"35":[0,0],"36":[0,1],"37":[1,1],"38":[1,1],"39":[0,1],"40":[0,1],"41":[0,1],"42":[1,1],"43":[0,1],"44":[1,0],"45":[0,0],"46":[0,1],"47":[0,1],"48":[1,1],"49":[0,3],"50":[0,3],"51":[0,1],"52":[0,1],"53":[0,3],"54":[0,3],"55":[0,3],"56":[0,1],"57":[0,1],"58":[0,1],"59":[0,1],"60":[0,1],"61":[1,0],"62":[0,0],"63":[0,0]},"_coverageSchema":"1a1c01bbd47fc00a2c39e90264f33305004495a9","hash":"8953d7dbaab976d8fd1ed7d07d6d7e3b727dd56e"}
,"/Users/shoedogodo/Desktop/Daily-Running-Assistance/backend/models/user.model.js": {"path":"/Users/shoedogodo/Desktop/Daily-Running-Assistance/backend/models/user.model.js","statementMap":{"0":{"start":{"line":1,"column":17},"end":{"line":1,"column":36}},"1":{"start":{"line":2,"column":15},"end":{"line":2,"column":30}},"2":{"start":{"line":4,"column":17},"end":{"line":4,"column":55}},"3":{"start":{"line":7,"column":22},"end":{"line":16,"column":2}},"4":{"start":{"line":19,"column":22},"end":{"line":27,"column":2}},"5":{"start":{"line":30,"column":19},"end":{"line":50,"column":24}},"6":{"start":{"line":52,"column":19},"end":{"line":80,"column":2}},"7":{"start":{"line":56,"column":52},"end":{"line":56,"column":73}},"8":{"start":{"line":82,"column":19},"end":{"line":86,"column":2}},"9":{"start":{"line":89,"column":0},"end":{"line":97,"column":3}},"10":{"start":{"line":91,"column":8},"end":{"line":91,"column":25}},"11":{"start":{"line":92,"column":8},"end":{"line":92,"column":23}},"12":{"start":{"line":93,"column":8},"end":{"line":93,"column":23}},"13":{"start":{"line":94,"column":8},"end":{"line":94,"column":28}},"14":{"start":{"line":95,"column":8},"end":{"line":95,"column":19}},"15":{"start":{"line":100,"column":0},"end":{"line":100,"column":76}},"16":{"start":{"line":101,"column":0},"end":{"line":101,"column":86}},"17":{"start":{"line":103,"column":0},"end":{"line":106,"column":5}},"18":{"start":{"line":104,"column":4},"end":{"line":104,"column":32}},"19":{"start":{"line":105,"column":4},"end":{"line":105,"column":11}},"20":{"start":{"line":108,"column":13},"end":{"line":108,"column":47}},"21":{"start":{"line":109,"column":16},"end":{"line":109,"column":56}},"22":{"start":{"line":110,"column":13},"end":{"line":110,"column":47}},"23":{"start":{"line":111,"column":13},"end":{"line":111,"column":47}},"24":{"start":{"line":114,"column":0},"end":{"line":119,"column":2}}},"fnMap":{"0":{"name":"(anonymous_0)","decl":{"start":{"line":56,"column":39},"end":{"line":56,"column":40}},"loc":{"start":{"line":56,"column":50},"end":{"line":56,"column":75}},"line":56},"1":{"name":"(anonymous_1)","decl":{"start":{"line":90,"column":15},"end":{"line":90,"column":16}},"loc":{"start":{"line":90,"column":38},"end":{"line":96,"column":5}},"line":90},"2":{"name":"(anonymous_2)","decl":{"start":{"line":103,"column":23},"end":{"line":103,"column":24}},"loc":{"start":{"line":103,"column":38},"end":{"line":106,"column":3}},"line":103}},"branchMap":{},"s":{"0":2,"1":2,"2":2,"3":2,"4":2,"5":2,"6":2,"7":17,"8":2,"9":2,"10":42,"11":42,"12":42,"13":42,"14":42,"15":2,"16":2,"17":2,"18":26,"19":26,"20":2,"21":2,"22":2,"23":2,"24":2},"f":{"0":17,"1":42,"2":26},"b":{},"_coverageSchema":"1a1c01bbd47fc00a2c39e90264f33305004495a9","hash":"b31acf3148d125b23391b0326bc44098748f3ab2"}
,"/Users/shoedogodo/Desktop/Daily-Running-Assistance/backend/routes/user.route.js": {"path":"/Users/shoedogodo/Desktop/Daily-Running-Assistance/backend/routes/user.route.js","statementMap":{"0":{"start":{"line":1,"column":16},"end":{"line":1,"column":34}},"1":{"start":{"line":2,"column":13},"end":{"line":2,"column":44}},"2":{"start":{"line":3,"column":15},"end":{"line":3,"column":31}},"3":{"start":{"line":5,"column":23},"end":{"line":5,"column":64}},"4":{"start":{"line":7,"column":15},"end":{"line":7,"column":32}},"5":{"start":{"line":8,"column":16},"end":{"line":8,"column":38}},"6":{"start":{"line":9,"column":15},"end":{"line":15,"column":2}},"7":{"start":{"line":18,"column":0},"end":{"line":18,"column":41}},"8":{"start":{"line":20,"column":0},"end":{"line":20,"column":49}},"9":{"start":{"line":23,"column":0},"end":{"line":23,"column":46}},"10":{"start":{"line":25,"column":0},"end":{"line":25,"column":48}},"11":{"start":{"line":28,"column":0},"end":{"line":28,"column":54}},"12":{"start":{"line":31,"column":0},"end":{"line":31,"column":49}},"13":{"start":{"line":33,"column":0},"end":{"line":33,"column":52}},"14":{"start":{"line":36,"column":0},"end":{"line":36,"column":60}},"15":{"start":{"line":37,"column":0},"end":{"line":37,"column":62}},"16":{"start":{"line":40,"column":0},"end":{"line":40,"column":104}},"17":{"start":{"line":42,"column":0},"end":{"line":42,"column":70}},"18":{"start":{"line":45,"column":0},"end":{"line":45,"column":54}},"19":{"start":{"line":46,"column":0},"end":{"line":46,"column":68}},"20":{"start":{"line":48,"column":0},"end":{"line":48,"column":57}},"21":{"start":{"line":50,"column":0},"end":{"line":50,"column":67}},"22":{"start":{"line":51,"column":0},"end":{"line":51,"column":80}},"23":{"start":{"line":52,"column":0},"end":{"line":52,"column":82}},"24":{"start":{"line":55,"column":0},"end":{"line":55,"column":90}},"25":{"start":{"line":56,"column":0},"end":{"line":56,"column":82}},"26":{"start":{"line":57,"column":0},"end":{"line":57,"column":66}},"27":{"start":{"line":59,"column":0},"end":{"line":59,"column":52}},"28":{"start":{"line":63,"column":0},"end":{"line":63,"column":63}},"29":{"start":{"line":65,"column":0},"end":{"line":65,"column":71}},"30":{"start":{"line":67,"column":0},"end":{"line":67,"column":62}},"31":{"start":{"line":69,"column":0},"end":{"line":69,"column":65}},"32":{"start":{"line":71,"column":0},"end":{"line":71,"column":75}},"33":{"start":{"line":73,"column":0},"end":{"line":73,"column":80}},"34":{"start":{"line":75,"column":0},"end":{"line":75,"column":74}},"35":{"start":{"line":77,"column":0},"end":{"line":77,"column":70}},"36":{"start":{"line":79,"column":0},"end":{"line":79,"column":74}},"37":{"start":{"line":81,"column":0},"end":{"line":81,"column":80}},"38":{"start":{"line":83,"column":0},"end":{"line":83,"column":79}},"39":{"start":{"line":85,"column":0},"end":{"line":85,"column":83}},"40":{"start":{"line":87,"column":0},"end":{"line":87,"column":24}}},"fnMap":{},"branchMap":{},"s":{"0":2,"1":2,"2":2,"3":2,"4":2,"5":2,"6":2,"7":2,"8":2,"9":2,"10":2,"11":2,"12":2,"13":2,"14":2,"15":2,"16":2,"17":2,"18":2,"19":2,"20":2,"21":2,"22":2,"23":2,"24":2,"25":2,"26":2,"27":2,"28":2,"29":2,"30":2,"31":2,"32":2,"33":2,"34":2,"35":2,"36":2,"37":2,"38":2,"39":2,"40":2},"f":{},"b":{},"_coverageSchema":"1a1c01bbd47fc00a2c39e90264f33305004495a9","hash":"b36c95ad25a629ef466e6fdf5c6171addd41b258"}
}
