TN:
SF:controllers/runRoom.controller.js
FN:1,(empty-report)
FNF:1
FNH:0
FNDA:0,(empty-report)
DA:1,0
DA:2,0
DA:3,0
DA:4,0
DA:5,0
DA:6,0
DA:7,0
DA:8,0
DA:9,0
DA:10,0
DA:11,0
DA:12,0
DA:13,0
DA:14,0
DA:15,0
DA:16,0
DA:17,0
DA:18,0
DA:19,0
DA:20,0
DA:21,0
DA:22,0
DA:23,0
DA:24,0
DA:25,0
DA:26,0
DA:27,0
DA:28,0
DA:29,0
DA:30,0
DA:31,0
DA:32,0
DA:33,0
DA:34,0
DA:35,0
DA:36,0
DA:37,0
DA:38,0
DA:39,0
DA:40,0
DA:41,0
DA:42,0
DA:43,0
DA:44,0
DA:45,0
DA:46,0
DA:47,0
DA:48,0
DA:49,0
DA:50,0
DA:51,0
DA:52,0
DA:53,0
DA:54,0
DA:55,0
DA:56,0
DA:57,0
DA:58,0
DA:59,0
DA:60,0
DA:61,0
DA:62,0
DA:63,0
DA:64,0
DA:65,0
DA:66,0
DA:67,0
DA:68,0
DA:69,0
DA:70,0
DA:71,0
DA:72,0
DA:73,0
DA:74,0
DA:75,0
DA:76,0
DA:77,0
DA:78,0
DA:79,0
DA:80,0
DA:81,0
DA:82,0
DA:83,0
DA:84,0
DA:85,0
DA:86,0
DA:87,0
DA:88,0
DA:89,0
DA:90,0
DA:91,0
DA:92,0
DA:93,0
DA:94,0
DA:95,0
DA:96,0
DA:97,0
DA:98,0
DA:99,0
DA:100,0
DA:101,0
DA:102,0
DA:103,0
DA:104,0
DA:105,0
DA:106,0
DA:107,0
DA:108,0
DA:109,0
DA:110,0
DA:111,0
DA:112,0
DA:113,0
DA:114,0
DA:115,0
DA:116,0
DA:117,0
DA:118,0
DA:119,0
DA:120,0
DA:121,0
DA:122,0
DA:123,0
DA:124,0
DA:125,0
DA:126,0
DA:127,0
DA:128,0
DA:129,0
DA:130,0
DA:131,0
DA:132,0
DA:133,0
DA:134,0
DA:135,0
DA:136,0
DA:137,0
DA:138,0
DA:139,0
DA:140,0
DA:141,0
DA:142,0
DA:143,0
DA:144,0
DA:145,0
DA:146,0
DA:147,0
DA:148,0
DA:149,0
DA:150,0
DA:151,0
DA:152,0
DA:153,0
DA:154,0
DA:155,0
DA:156,0
DA:157,0
DA:158,0
DA:159,0
DA:160,0
DA:161,0
DA:162,0
DA:163,0
DA:164,0
DA:165,0
DA:166,0
DA:167,0
DA:168,0
DA:169,0
DA:170,0
DA:171,0
DA:172,0
DA:173,0
DA:174,0
DA:175,0
DA:176,0
DA:177,0
DA:178,0
DA:179,0
DA:180,0
DA:181,0
DA:182,0
DA:183,0
DA:184,0
DA:185,0
DA:186,0
DA:187,0
DA:188,0
DA:189,0
DA:190,0
DA:191,0
DA:192,0
DA:193,0
DA:194,0
DA:195,0
DA:196,0
DA:197,0
DA:198,0
DA:199,0
DA:200,0
DA:201,0
DA:202,0
DA:203,0
DA:204,0
DA:205,0
DA:206,0
DA:207,0
DA:208,0
DA:209,0
DA:210,0
DA:211,0
DA:212,0
DA:213,0
DA:214,0
DA:215,0
DA:216,0
DA:217,0
DA:218,0
DA:219,0
DA:220,0
DA:221,0
DA:222,0
DA:223,0
DA:224,0
DA:225,0
DA:226,0
DA:227,0
DA:228,0
DA:229,0
DA:230,0
DA:231,0
DA:232,0
DA:233,0
DA:234,0
DA:235,0
DA:236,0
DA:237,0
DA:238,0
DA:239,0
DA:240,0
DA:241,0
DA:242,0
DA:243,0
DA:244,0
DA:245,0
DA:246,0
DA:247,0
DA:248,0
DA:249,0
DA:250,0
DA:251,0
DA:252,0
DA:253,0
DA:254,0
DA:255,0
DA:256,0
DA:257,0
DA:258,0
DA:259,0
DA:260,0
DA:261,0
DA:262,0
DA:263,0
DA:264,0
DA:265,0
DA:266,0
DA:267,0
DA:268,0
DA:269,0
DA:270,0
DA:271,0
DA:272,0
DA:273,0
DA:274,0
DA:275,0
DA:276,0
DA:277,0
DA:278,0
DA:279,0
DA:280,0
DA:281,0
DA:282,0
DA:283,0
DA:284,0
DA:285,0
DA:286,0
DA:287,0
DA:288,0
DA:289,0
DA:290,0
DA:291,0
DA:292,0
DA:293,0
DA:294,0
DA:295,0
DA:296,0
DA:297,0
DA:298,0
DA:299,0
DA:300,0
DA:301,0
DA:302,0
DA:303,0
DA:304,0
DA:305,0
DA:306,0
DA:307,0
DA:308,0
DA:309,0
DA:310,0
DA:311,0
DA:312,0
DA:313,0
DA:314,0
DA:315,0
DA:316,0
DA:317,0
DA:318,0
DA:319,0
DA:320,0
DA:321,0
DA:322,0
DA:323,0
DA:324,0
DA:325,0
DA:326,0
DA:327,0
LF:327
LH:0
BRDA:1,0,0,0
BRF:1
BRH:0
end_of_record
TN:
SF:controllers/user.controller.js
FN:24,getUsers
FN:34,getUser
FN:52,registerUser
FN:108,loginUser
FN:146,updateUser
FN:173,deleteUser
FN:199,editNickname
FN:218,getNickname
FN:236,uploadProfilePicture
FN:278,getProfilePicture
FN:300,saveRunRecord
FN:341,getRunRecordById
FN:363,tokenCheck
FN:389,getRunRecords
FN:416,updateRunData
FN:440,getCurrentRunData
FN:458,updateRunRecord
FN:492,deleteRunRecord
FN:530,createPost
FN:627,uploadPostImage
FN:648,getPostImage
FN:664,getPosts
FN:692,getPostById
FN:716,getPostByUsername
FN:745,updatePost
FN:807,deletePost
FN:850,createComment
FN:898,getCommentsByPostId
FN:917,deleteComment
FN:946,likePost
FN:985,unlikePost
FN:1022,checkIfLikedPost
FN:1054,likeComment
FN:1079,unlikeComment
FNF:34
FNH:31
FNDA:0,getUsers
FNDA:0,getUser
FNDA:9,registerUser
FNDA:23,loginUser
FNDA:1,updateUser
FNDA:1,deleteUser
FNDA:1,editNickname
FNDA:2,getNickname
FNDA:6,uploadProfilePicture
FNDA:1,getProfilePicture
FNDA:5,saveRunRecord
FNDA:1,getRunRecordById
FNDA:3,tokenCheck
FNDA:1,getRunRecords
FNDA:3,updateRunData
FNDA:1,getCurrentRunData
FNDA:0,updateRunRecord
FNDA:1,deleteRunRecord
FNDA:3,createPost
FNDA:3,uploadPostImage
FNDA:2,getPostImage
FNDA:1,getPosts
FNDA:2,getPostById
FNDA:1,getPostByUsername
FNDA:1,updatePost
FNDA:1,deletePost
FNDA:5,createComment
FNDA:1,getCommentsByPostId
FNDA:1,deleteComment
FNDA:2,likePost
FNDA:1,unlikePost
FNDA:1,checkIfLikedPost
FNDA:1,likeComment
FNDA:1,unlikeComment
DA:1,1
DA:2,1
DA:3,1
DA:4,1
DA:5,1
DA:6,1
DA:7,1
DA:8,1
DA:9,1
DA:10,1
DA:11,1
DA:12,1
DA:13,1
DA:14,1
DA:15,1
DA:16,1
DA:17,1
DA:18,1
DA:19,1
DA:20,1
DA:21,1
DA:22,1
DA:23,1
DA:24,1
DA:25,0
DA:26,0
DA:27,0
DA:28,0
DA:29,0
DA:30,0
DA:31,0
DA:32,1
DA:33,1
DA:34,1
DA:35,0
DA:36,0
DA:37,0
DA:38,0
DA:39,0
DA:40,0
DA:41,0
DA:42,0
DA:43,0
DA:44,0
DA:45,0
DA:46,0
DA:47,0
DA:48,0
DA:49,0
DA:50,0
DA:51,1
DA:52,1
DA:53,9
DA:54,9
DA:55,9
DA:56,9
DA:57,9
DA:58,9
DA:59,1
DA:60,1
DA:61,8
DA:62,8
DA:63,8
DA:64,8
DA:65,8
DA:66,8
DA:67,1
DA:68,1
DA:69,1
DA:70,1
DA:71,1
DA:72,1
DA:73,1
DA:74,1
DA:75,1
DA:76,1
DA:77,1
DA:78,1
DA:79,1
DA:80,1
DA:81,1
DA:82,1
DA:83,1
DA:84,1
DA:85,1
DA:86,1
DA:87,1
DA:88,1
DA:89,1
DA:90,1
DA:91,1
DA:92,1
DA:93,1
DA:94,1
DA:95,1
DA:96,1
DA:97,0
DA:98,0
DA:99,1
DA:100,1
DA:101,9
DA:102,7
DA:103,7
DA:104,7
DA:105,9
DA:106,1
DA:107,1
DA:108,1
DA:109,23
DA:110,23
DA:111,23
DA:112,23
DA:113,23
DA:114,23
DA:115,1
DA:116,1
DA:117,22
DA:118,22
DA:119,22
DA:120,23
DA:121,1
DA:122,1
DA:123,21
DA:124,21
DA:125,21
DA:126,21
DA:127,21
DA:128,21
DA:129,21
DA:130,21
DA:131,21
DA:132,21
DA:133,21
DA:134,21
DA:135,21
DA:136,21
DA:137,21
DA:138,23
DA:139,0
DA:140,0
DA:141,0
DA:142,23
DA:143,1
DA:144,1
DA:145,1
DA:146,1
DA:147,1
DA:148,1
DA:149,1
DA:150,1
DA:151,1
DA:152,1
DA:153,1
DA:154,0
DA:155,0
DA:156,1
DA:157,1
DA:158,1
DA:159,0
DA:160,0
DA:161,1
DA:162,1
DA:163,1
DA:164,1
DA:165,1
DA:166,1
DA:167,1
DA:168,0
DA:169,0
DA:170,1
DA:171,1
DA:172,1
DA:173,1
DA:174,1
DA:175,1
DA:176,1
DA:177,1
DA:178,1
DA:179,1
DA:180,1
DA:181,0
DA:182,0
DA:183,1
DA:184,1
DA:185,1
DA:186,0
DA:187,0
DA:188,1
DA:189,1
DA:190,1
DA:191,1
DA:192,1
DA:193,1
DA:194,0
DA:195,0
DA:196,1
DA:197,1
DA:198,1
DA:199,1
DA:200,1
DA:201,1
DA:202,1
DA:203,1
DA:204,1
DA:205,0
DA:206,0
DA:207,1
DA:208,1
DA:209,1
DA:210,1
DA:211,1
DA:212,1
DA:213,0
DA:214,0
DA:215,1
DA:216,1
DA:217,1
DA:218,1
DA:219,2
DA:220,2
DA:221,2
DA:222,2
DA:223,2
DA:224,2
DA:225,2
DA:226,1
DA:227,1
DA:228,1
DA:229,1
DA:230,2
DA:231,0
DA:232,0
DA:233,2
DA:234,1
DA:235,1
DA:236,1
DA:237,6
DA:238,6
DA:239,6
DA:240,0
DA:241,0
DA:242,0
DA:243,6
DA:244,6
DA:245,6
DA:246,1
DA:247,1
DA:248,1
DA:249,5
DA:250,5
DA:251,6
DA:252,1
DA:253,1
DA:254,1
DA:255,0
DA:256,0
DA:257,1
DA:258,5
DA:259,5
DA:260,5
DA:261,5
DA:262,5
DA:263,5
DA:264,5
DA:265,5
DA:266,5
DA:267,5
DA:268,5
DA:269,5
DA:270,5
DA:271,5
DA:272,6
DA:273,0
DA:274,0
DA:275,6
DA:276,1
DA:277,1
DA:278,1
DA:279,1
DA:280,1
DA:281,1
DA:282,1
DA:283,1
DA:284,0
DA:285,0
DA:286,1
DA:287,1
DA:288,1
DA:289,1
DA:290,1
DA:291,1
DA:292,1
DA:293,1
DA:294,1
DA:295,1
DA:296,0
DA:297,0
DA:298,1
DA:299,1
DA:300,1
DA:301,5
DA:302,5
DA:303,5
DA:304,5
DA:305,5
DA:306,5
DA:307,5
DA:308,5
DA:309,5
DA:310,5
DA:311,5
DA:312,0
DA:313,0
DA:314,5
DA:315,5
DA:316,5
DA:317,5
DA:318,5
DA:319,5
DA:320,5
DA:321,5
DA:322,5
DA:323,5
DA:324,5
DA:325,5
DA:326,5
DA:327,5
DA:328,5
DA:329,5
DA:330,5
DA:331,5
DA:332,5
DA:333,5
DA:334,5
DA:335,5
DA:336,0
DA:337,0
DA:338,5
DA:339,1
DA:340,1
DA:341,1
DA:342,1
DA:343,1
DA:344,1
DA:345,1
DA:346,1
DA:347,1
DA:348,0
DA:349,0
DA:350,1
DA:351,1
DA:352,1
DA:353,0
DA:354,0
DA:355,1
DA:356,1
DA:357,1
DA:358,0
DA:359,0
DA:360,1
DA:361,1
DA:362,1
DA:363,1
DA:364,3
DA:365,3
DA:366,3
DA:367,1
DA:368,1
DA:369,2
DA:370,2
DA:371,3
DA:372,3
DA:373,3
DA:374,3
DA:375,2
DA:376,1
DA:377,1
DA:378,1
DA:379,1
DA:380,1
DA:381,3
DA:382,3
DA:383,0
DA:384,0
DA:385,0
DA:386,3
DA:387,1
DA:388,1
DA:389,1
DA:390,1
DA:391,1
DA:392,1
DA:393,1
DA:394,1
DA:395,1
DA:396,0
DA:397,0
DA:398,1
DA:399,1
DA:400,1
DA:401,1
DA:402,1
DA:403,1
DA:404,1
DA:405,1
DA:406,1
DA:407,1
DA:408,1
DA:409,1
DA:410,1
DA:411,0
DA:412,0
DA:413,1
DA:414,1
DA:415,1
DA:416,1
DA:417,3
DA:418,3
DA:419,3
DA:420,3
DA:421,3
DA:422,3
DA:423,0
DA:424,0
DA:425,3
DA:426,3
DA:427,3
DA:428,3
DA:429,3
DA:430,3
DA:431,3
DA:432,3
DA:433,3
DA:434,3
DA:435,0
DA:436,0
DA:437,3
DA:438,1
DA:439,1
DA:440,1
DA:441,1
DA:442,1
DA:443,1
DA:444,1
DA:445,1
DA:446,1
DA:447,0
DA:448,0
DA:449,1
DA:450,1
DA:451,1
DA:452,0
DA:453,0
DA:454,1
DA:455,1
DA:456,1
DA:457,1
DA:458,1
DA:459,0
DA:460,0
DA:461,0
DA:462,0
DA:463,0
DA:464,0
DA:465,0
DA:466,0
DA:467,0
DA:468,0
DA:469,0
DA:470,0
DA:471,0
DA:472,0
DA:473,0
DA:474,0
DA:475,0
DA:476,0
DA:477,0
DA:478,0
DA:479,0
DA:480,0
DA:481,0
DA:482,0
DA:483,0
DA:484,0
DA:485,0
DA:486,0
DA:487,0
DA:488,0
DA:489,0
DA:490,1
DA:491,1
DA:492,1
DA:493,1
DA:494,1
DA:495,1
DA:496,1
DA:497,1
DA:498,1
DA:499,1
DA:500,0
DA:501,0
DA:502,1
DA:503,1
DA:504,1
DA:505,0
DA:506,0
DA:507,1
DA:508,1
DA:509,1
DA:510,1
DA:511,1
DA:512,1
DA:513,0
DA:514,0
DA:515,1
DA:516,1
DA:517,1
DA:518,1
DA:519,1
DA:520,1
DA:521,1
DA:522,1
DA:523,0
DA:524,0
DA:525,1
DA:526,1
DA:527,1
DA:528,1
DA:529,1
DA:530,1
DA:531,3
DA:532,3
DA:533,3
DA:534,3
DA:535,3
DA:536,3
DA:537,3
DA:538,3
DA:539,3
DA:540,3
DA:541,3
DA:542,3
DA:543,3
DA:544,1
DA:545,1
DA:546,2
DA:547,2
DA:548,2
DA:549,2
DA:550,2
DA:551,3
DA:552,0
DA:553,0
DA:554,0
DA:555,0
DA:556,0
DA:557,0
DA:558,0
DA:559,0
DA:560,0
DA:561,0
DA:562,0
DA:563,0
DA:564,0
DA:565,0
DA:566,0
DA:567,0
DA:568,0
DA:569,0
DA:570,0
DA:571,0
DA:572,0
DA:573,0
DA:574,0
DA:575,0
DA:576,0
DA:577,0
DA:578,0
DA:579,0
DA:580,2
DA:581,2
DA:582,2
DA:583,2
DA:584,2
DA:585,1
DA:586,2
DA:587,2
DA:588,2
DA:589,2
DA:590,2
DA:591,2
DA:592,1
DA:593,1
DA:594,2
DA:595,2
DA:596,2
DA:597,2
DA:598,2
DA:599,2
DA:600,2
DA:601,2
DA:602,2
DA:603,2
DA:604,2
DA:605,2
DA:606,2
DA:607,2
DA:608,2
DA:609,2
DA:610,2
DA:611,2
DA:612,2
DA:613,0
DA:614,2
DA:615,2
DA:616,2
DA:617,2
DA:618,2
DA:619,2
DA:620,3
DA:621,0
DA:622,0
DA:623,0
DA:624,3
DA:625,1
DA:626,1
DA:627,1
DA:628,3
DA:629,3
DA:630,3
DA:631,3
DA:632,0
DA:633,0
DA:634,3
DA:635,3
DA:636,3
DA:637,3
DA:638,3
DA:639,3
DA:640,3
DA:641,3
DA:642,0
DA:643,0
DA:644,0
DA:645,3
DA:646,1
DA:647,1
DA:648,1
DA:649,2
DA:650,2
DA:651,2
DA:652,2
DA:653,2
DA:654,2
DA:655,2
DA:656,2
DA:657,2
DA:658,2
DA:659,2
DA:660,1
DA:661,1
DA:662,2
DA:663,1
DA:664,1
DA:665,1
DA:666,1
DA:667,1
DA:668,1
DA:669,1
DA:670,1
DA:671,1
DA:672,1
DA:673,1
DA:674,1
DA:675,1
DA:676,1
DA:677,1
DA:678,1
DA:679,1
DA:680,1
DA:681,0
DA:682,0
DA:683,1
DA:684,1
DA:685,1
DA:686,1
DA:687,0
DA:688,0
DA:689,1
DA:690,1
DA:691,1
DA:692,1
DA:693,2
DA:694,2
DA:695,2
DA:696,2
DA:697,2
DA:698,2
DA:699,2
DA:700,2
DA:701,2
DA:702,2
DA:703,2
DA:704,2
DA:705,2
DA:706,1
DA:707,1
DA:708,1
DA:709,1
DA:710,1
DA:711,2
DA:712,0
DA:713,0
DA:714,2
DA:715,1
DA:716,1
DA:717,1
DA:718,1
DA:719,1
DA:720,1
DA:721,1
DA:722,1
DA:723,1
DA:724,0
DA:725,0
DA:726,1
DA:727,1
DA:728,1
DA:729,1
DA:730,1
DA:731,1
DA:732,1
DA:733,1
DA:734,1
DA:735,1
DA:736,1
DA:737,1
DA:738,1
DA:739,1
DA:740,1
DA:741,0
DA:742,0
DA:743,1
DA:744,1
DA:745,1
DA:746,1
DA:747,1
DA:748,1
DA:749,1
DA:750,1
DA:751,1
DA:752,1
DA:753,1
DA:754,1
DA:755,1
DA:756,1
DA:757,0
DA:758,0
DA:759,0
DA:760,1
DA:761,1
DA:762,1
DA:763,1
DA:764,1
DA:765,1
DA:766,1
DA:767,0
DA:768,0
DA:769,0
DA:770,0
DA:771,1
DA:772,1
DA:773,1
DA:774,1
DA:775,0
DA:776,0
DA:777,0
DA:778,0
DA:779,0
DA:780,0
DA:781,0
DA:782,0
DA:783,0
DA:784,0
DA:785,0
DA:786,0
DA:787,0
DA:788,0
DA:789,0
DA:790,1
DA:791,1
DA:792,1
DA:793,1
DA:794,1
DA:795,1
DA:796,1
DA:797,1
DA:798,1
DA:799,1
DA:800,1
DA:801,1
DA:802,0
DA:803,0
DA:804,1
DA:805,1
DA:806,1
DA:807,1
DA:808,1
DA:809,1
DA:810,1
DA:811,1
DA:812,1
DA:813,1
DA:814,0
DA:815,0
DA:816,0
DA:817,1
DA:818,1
DA:819,1
DA:820,1
DA:821,1
DA:822,1
DA:823,1
DA:824,1
DA:825,1
DA:826,1
DA:827,1
DA:828,1
DA:829,1
DA:830,1
DA:831,1
DA:832,0
DA:833,0
DA:834,0
DA:835,0
DA:836,0
DA:837,1
DA:838,1
DA:839,1
DA:840,1
DA:841,1
DA:842,1
DA:843,1
DA:844,0
DA:845,0
DA:846,0
DA:847,1
DA:848,1
DA:849,1
DA:850,1
DA:851,5
DA:852,5
DA:853,5
DA:854,5
DA:855,5
DA:856,5
DA:857,5
DA:858,5
DA:859,0
DA:860,0
DA:861,5
DA:862,5
DA:863,5
DA:864,5
DA:865,5
DA:866,5
DA:867,5
DA:868,0
DA:869,0
DA:870,5
DA:871,5
DA:872,5
DA:873,5
DA:874,5
DA:875,5
DA:876,5
DA:877,5
DA:878,5
DA:879,5
DA:880,5
DA:881,5
DA:882,5
DA:883,5
DA:884,5
DA:885,5
DA:886,5
DA:887,5
DA:888,5
DA:889,5
DA:890,5
DA:891,5
DA:892,5
DA:893,0
DA:894,0
DA:895,5
DA:896,1
DA:897,1
DA:898,1
DA:899,1
DA:900,1
DA:901,1
DA:902,1
DA:903,1
DA:904,1
DA:905,1
DA:906,1
DA:907,0
DA:908,0
DA:909,0
DA:910,1
DA:911,1
DA:912,1
DA:913,0
DA:914,0
DA:915,1
DA:916,1
DA:917,1
DA:918,1
DA:919,1
DA:920,1
DA:921,1
DA:922,1
DA:923,1
DA:924,1
DA:925,1
DA:926,1
DA:927,0
DA:928,0
DA:929,1
DA:930,1
DA:931,1
DA:932,1
DA:933,1
DA:934,1
DA:935,1
DA:936,1
DA:937,1
DA:938,1
DA:939,1
DA:940,1
DA:941,1
DA:942,0
DA:943,0
DA:944,1
DA:945,1
DA:946,1
DA:947,2
DA:948,2
DA:949,2
DA:950,2
DA:951,2
DA:952,2
DA:953,2
DA:954,0
DA:955,0
DA:956,2
DA:957,2
DA:958,2
DA:959,2
DA:960,0
DA:961,0
DA:962,2
DA:963,2
DA:964,2
DA:965,2
DA:966,0
DA:967,0
DA:968,2
DA:969,2
DA:970,2
DA:971,2
DA:972,2
DA:973,2
DA:974,2
DA:975,2
DA:976,2
DA:977,2
DA:978,2
DA:979,0
DA:980,0
DA:981,0
DA:982,2
DA:983,1
DA:984,1
DA:985,1
DA:986,1
DA:987,1
DA:988,1
DA:989,1
DA:990,1
DA:991,1
DA:992,1
DA:993,1
DA:994,1
DA:995,0
DA:996,0
DA:997,1
DA:998,1
DA:999,1
DA:1000,1
DA:1001,0
DA:1002,0
DA:1003,1
DA:1004,1
DA:1005,1
DA:1006,1
DA:1007,0
DA:1008,0
DA:1009,1
DA:1010,1
DA:1011,1
DA:1012,1
DA:1013,1
DA:1014,1
DA:1015,1
DA:1016,1
DA:1017,0
DA:1018,0
DA:1019,0
DA:1020,1
DA:1021,1
DA:1022,1
DA:1023,1
DA:1024,1
DA:1025,1
DA:1026,1
DA:1027,1
DA:1028,1
DA:1029,1
DA:1030,0
DA:1031,0
DA:1032,1
DA:1033,1
DA:1034,1
DA:1035,1
DA:1036,0
DA:1037,0
DA:1038,1
DA:1039,1
DA:1040,1
DA:1041,1
DA:1042,1
DA:1043,1
DA:1044,1
DA:1045,0
DA:1046,0
DA:1047,0
DA:1048,1
DA:1049,0
DA:1050,0
DA:1051,0
DA:1052,1
DA:1053,1
DA:1054,1
DA:1055,1
DA:1056,1
DA:1057,1
DA:1058,1
DA:1059,1
DA:1060,1
DA:1061,1
DA:1062,1
DA:1063,1
DA:1064,1
DA:1065,1
DA:1066,1
DA:1067,1
DA:1068,0
DA:1069,0
DA:1070,1
DA:1071,1
DA:1072,1
DA:1073,1
DA:1074,0
DA:1075,0
DA:1076,0
DA:1077,1
DA:1078,1
DA:1079,1
DA:1080,1
DA:1081,1
DA:1082,1
DA:1083,1
DA:1084,1
DA:1085,1
DA:1086,1
DA:1087,1
DA:1088,1
DA:1089,1
DA:1090,1
DA:1091,1
DA:1092,1
DA:1093,0
DA:1094,0
DA:1095,1
DA:1096,1
DA:1097,1
DA:1098,1
DA:1099,0
DA:1100,0
DA:1101,0
DA:1102,1
DA:1103,1
DA:1104,1
DA:1105,1
DA:1106,1
DA:1107,1
DA:1108,1
DA:1109,1
DA:1110,1
DA:1111,1
DA:1112,1
DA:1113,1
DA:1114,1
DA:1115,1
DA:1116,1
DA:1117,1
DA:1118,1
DA:1119,1
DA:1120,1
DA:1121,1
DA:1122,1
DA:1123,1
DA:1124,1
DA:1125,1
DA:1126,1
DA:1127,1
DA:1128,1
DA:1129,1
DA:1130,1
DA:1131,1
DA:1132,1
DA:1133,1
DA:1134,1
DA:1135,1
DA:1136,1
DA:1137,1
DA:1138,1
DA:1139,1
DA:1140,1
DA:1141,1
DA:1142,1
DA:1143,1
DA:1144,1
DA:1145,1
DA:1146,1
DA:1147,1
DA:1148,1
DA:1149,1
LF:1149
LH:893
BRDA:17,0,0,1
BRDA:52,1,0,9
BRDA:58,2,0,1
BRDA:60,3,0,8
BRDA:66,4,0,1
BRDA:101,5,0,7
BRDA:79,6,0,1
BRDA:108,7,0,23
BRDA:114,8,0,1
BRDA:116,9,0,22
BRDA:120,10,0,1
BRDA:122,11,0,21
BRDA:138,12,0,0
BRDA:146,13,0,1
BRDA:153,14,0,0
BRDA:158,15,0,0
BRDA:167,16,0,0
BRDA:173,17,0,1
BRDA:180,18,0,0
BRDA:185,19,0,0
BRDA:193,20,0,0
BRDA:199,21,0,1
BRDA:204,22,0,0
BRDA:212,23,0,0
BRDA:218,24,0,2
BRDA:225,25,0,1
BRDA:230,26,0,0
BRDA:236,27,0,6
BRDA:239,28,0,0
BRDA:245,29,0,1
BRDA:248,30,0,5
BRDA:251,31,0,1
BRDA:254,32,0,0
BRDA:257,33,0,5
BRDA:272,34,0,0
BRDA:278,35,0,1
BRDA:283,36,0,0
BRDA:295,37,0,0
BRDA:300,38,0,5
BRDA:311,39,0,0
BRDA:335,40,0,0
BRDA:341,41,0,1
BRDA:347,42,0,0
BRDA:352,43,0,0
BRDA:357,44,0,0
BRDA:351,45,0,1
BRDA:363,46,0,3
BRDA:366,47,0,1
BRDA:368,48,0,2
BRDA:371,49,0,0
BRDA:382,50,0,0
BRDA:374,51,0,2
BRDA:375,52,0,1
BRDA:389,53,0,1
BRDA:395,54,0,0
BRDA:410,55,0,0
BRDA:416,56,0,3
BRDA:422,57,0,0
BRDA:434,58,0,0
BRDA:440,59,0,1
BRDA:446,60,0,0
BRDA:451,61,0,0
BRDA:492,62,0,1
BRDA:499,63,0,0
BRDA:504,64,0,0
BRDA:522,65,0,0
BRDA:503,66,0,1
BRDA:530,67,0,3
BRDA:537,68,0,1
BRDA:538,69,0,1
BRDA:543,70,0,1
BRDA:545,71,0,2
BRDA:551,72,0,0
BRDA:579,73,0,2
BRDA:620,74,0,0
BRDA:582,75,0,2
BRDA:584,76,0,1
BRDA:584,77,0,1
BRDA:585,78,0,2
BRDA:627,79,0,3
BRDA:631,80,0,0
BRDA:641,81,0,0
BRDA:648,82,0,2
BRDA:659,83,0,1
BRDA:664,84,0,1
BRDA:680,85,0,0
BRDA:686,86,0,0
BRDA:692,87,0,2
BRDA:705,88,0,1
BRDA:711,89,0,0
BRDA:716,90,0,1
BRDA:723,91,0,0
BRDA:740,92,0,0
BRDA:745,93,0,1
BRDA:756,94,0,0
BRDA:766,95,0,0
BRDA:774,96,0,0
BRDA:774,97,0,0
BRDA:801,98,0,0
BRDA:807,99,0,1
BRDA:813,100,0,0
BRDA:831,101,0,0
BRDA:843,102,0,0
BRDA:850,103,0,5
BRDA:858,104,0,0
BRDA:867,105,0,0
BRDA:892,106,0,0
BRDA:898,107,0,1
BRDA:906,108,0,0
BRDA:912,109,0,0
BRDA:917,110,0,1
BRDA:926,111,0,0
BRDA:941,112,0,0
BRDA:946,113,0,2
BRDA:953,114,0,0
BRDA:959,115,0,0
BRDA:965,116,0,0
BRDA:978,117,0,0
BRDA:985,118,0,1
BRDA:994,119,0,0
BRDA:1000,120,0,0
BRDA:1006,121,0,0
BRDA:1016,122,0,0
BRDA:1022,123,0,1
BRDA:1029,124,0,0
BRDA:1035,125,0,0
BRDA:1044,126,0,0
BRDA:1048,127,0,0
BRDA:1054,128,0,1
BRDA:1067,129,0,0
BRDA:1073,130,0,0
BRDA:1079,131,0,1
BRDA:1092,132,0,0
BRDA:1098,133,0,0
BRF:134
BRH:63
end_of_record
TN:
SF:models/runRoom.model.js
FN:1,(empty-report)
FNF:1
FNH:0
FNDA:0,(empty-report)
DA:1,0
DA:2,0
DA:3,0
DA:4,0
DA:5,0
DA:6,0
DA:7,0
DA:8,0
DA:9,0
DA:10,0
DA:11,0
DA:12,0
DA:13,0
DA:14,0
DA:15,0
DA:16,0
DA:17,0
DA:18,0
DA:19,0
DA:20,0
DA:21,0
DA:22,0
DA:23,0
DA:24,0
DA:25,0
DA:26,0
DA:27,0
DA:28,0
DA:29,0
DA:30,0
DA:31,0
DA:32,0
DA:33,0
DA:34,0
DA:35,0
DA:36,0
DA:37,0
DA:38,0
DA:39,0
LF:39
LH:0
BRDA:1,0,0,0
BRF:1
BRH:0
end_of_record
TN:
SF:models/user.model.js
FN:56,default
FN:90,transform
FNF:2
FNH:2
FNDA:17,default
FNDA:24,transform
DA:1,1
DA:2,1
DA:3,1
DA:4,1
DA:5,1
DA:6,1
DA:7,1
DA:8,1
DA:9,1
DA:10,1
DA:11,1
DA:12,1
DA:13,1
DA:14,1
DA:15,1
DA:16,1
DA:17,1
DA:18,1
DA:19,1
DA:20,1
DA:21,1
DA:22,1
DA:23,1
DA:24,1
DA:25,1
DA:26,1
DA:27,1
DA:28,1
DA:29,1
DA:30,1
DA:31,1
DA:32,1
DA:33,1
DA:34,1
DA:35,1
DA:36,1
DA:37,1
DA:38,1
DA:39,1
DA:40,1
DA:41,1
DA:42,1
DA:43,1
DA:44,1
DA:45,1
DA:46,1
DA:47,1
DA:48,1
DA:49,1
DA:50,1
DA:51,1
DA:52,1
DA:53,1
DA:54,1
DA:55,1
DA:56,1
DA:57,1
DA:58,1
DA:59,1
DA:60,1
DA:61,1
DA:62,1
DA:63,1
DA:64,1
DA:65,1
DA:66,1
DA:67,1
DA:68,1
DA:69,1
DA:70,1
DA:71,1
DA:72,1
DA:73,1
DA:74,1
DA:75,1
DA:76,1
DA:77,1
DA:78,1
DA:79,1
DA:80,1
DA:81,1
DA:82,1
DA:83,1
DA:84,1
DA:85,1
DA:86,1
DA:87,1
DA:88,1
DA:89,1
DA:90,1
DA:91,24
DA:92,24
DA:93,24
DA:94,24
DA:95,24
DA:96,24
DA:97,1
DA:98,1
DA:99,1
DA:100,1
DA:101,1
DA:102,1
DA:103,1
DA:104,30
DA:105,30
DA:106,1
DA:107,1
DA:108,1
DA:109,1
DA:110,1
DA:111,1
DA:112,1
DA:113,1
DA:114,1
DA:115,1
DA:116,1
DA:117,1
DA:118,1
DA:119,1
LF:119
LH:119
BRDA:56,0,0,17
BRDA:90,1,0,24
BRDA:103,2,0,30
BRF:3
BRH:3
end_of_record
TN:
SF:routes/runRoom.route.js
FN:1,(empty-report)
FNF:1
FNH:0
FNDA:0,(empty-report)
DA:1,0
DA:2,0
DA:3,0
DA:4,0
DA:5,0
DA:6,0
DA:7,0
DA:8,0
DA:9,0
DA:10,0
DA:11,0
DA:12,0
DA:13,0
DA:14,0
DA:15,0
DA:16,0
DA:17,0
DA:18,0
DA:19,0
LF:19
LH:0
BRDA:1,0,0,0
BRF:1
BRH:0
end_of_record
TN:
SF:routes/user.route.js
FNF:0
FNH:0
DA:1,1
DA:2,1
DA:3,1
DA:4,1
DA:5,1
DA:6,1
DA:7,1
DA:8,1
DA:9,1
DA:10,1
DA:11,1
DA:12,1
DA:13,1
DA:14,1
DA:15,1
DA:16,1
DA:17,1
DA:18,1
DA:19,1
DA:20,1
DA:21,1
DA:22,1
DA:23,1
DA:24,1
DA:25,1
DA:26,1
DA:27,1
DA:28,1
DA:29,1
DA:30,1
DA:31,1
DA:32,1
DA:33,1
DA:34,1
DA:35,1
DA:36,1
DA:37,1
DA:38,1
DA:39,1
DA:40,1
DA:41,1
DA:42,1
DA:43,1
DA:44,1
DA:45,1
DA:46,1
DA:47,1
DA:48,1
DA:49,1
DA:50,1
DA:51,1
DA:52,1
DA:53,1
DA:54,1
DA:55,1
DA:56,1
DA:57,1
DA:58,1
DA:59,1
DA:60,1
DA:61,1
DA:62,1
DA:63,1
DA:64,1
DA:65,1
DA:66,1
DA:67,1
DA:68,1
DA:69,1
DA:70,1
DA:71,1
DA:72,1
DA:73,1
DA:74,1
DA:75,1
DA:76,1
DA:77,1
DA:78,1
DA:79,1
DA:80,1
DA:81,1
DA:82,1
DA:83,1
DA:84,1
DA:85,1
DA:86,1
DA:87,1
LF:87
LH:87
BRF:0
BRH:0
end_of_record
