TN:
SF:controllers/user.controller.js
FN:17,(anonymous_0)
FN:24,(anonymous_1)
FN:34,(anonymous_2)
FN:52,(anonymous_3)
FN:79,(anonymous_4)
FN:96,(anonymous_5)
FN:108,(anonymous_6)
FN:146,(anonymous_7)
FN:173,(anonymous_8)
FN:199,(anonymous_9)
FN:218,(anonymous_10)
FN:236,(anonymous_11)
FN:278,(anonymous_12)
FN:300,(anonymous_13)
FN:341,(anonymous_14)
FN:351,(anonymous_15)
FN:363,(anonymous_16)
FN:374,(anonymous_17)
FN:389,(anonymous_18)
FN:416,(anonymous_19)
FN:440,(anonymous_20)
FN:458,(anonymous_21)
FN:469,(anonymous_22)
FN:492,(anonymous_23)
FN:503,(anonymous_24)
FN:512,(anonymous_25)
FN:530,(anonymous_26)
FN:582,(anonymous_27)
FN:612,(anonymous_28)
FN:627,(anonymous_29)
FN:648,(anonymous_30)
FN:664,(anonymous_31)
FN:692,(anonymous_32)
FN:716,(anonymous_33)
FN:745,(anonymous_34)
FN:807,(anonymous_35)
FN:850,(anonymous_36)
FN:898,(anonymous_37)
FN:917,(anonymous_38)
FN:946,(anonymous_39)
FN:985,(anonymous_40)
FN:1022,(anonymous_41)
FN:1054,(anonymous_42)
FN:1079,(anonymous_43)
FNF:44
FNH:33
FNDA:2,(anonymous_0)
FNDA:0,(anonymous_1)
FNDA:0,(anonymous_2)
FNDA:9,(anonymous_3)
FNDA:1,(anonymous_4)
FNDA:0,(anonymous_5)
FNDA:38,(anonymous_6)
FNDA:1,(anonymous_7)
FNDA:1,(anonymous_8)
FNDA:1,(anonymous_9)
FNDA:2,(anonymous_10)
FNDA:6,(anonymous_11)
FNDA:1,(anonymous_12)
FNDA:5,(anonymous_13)
FNDA:1,(anonymous_14)
FNDA:1,(anonymous_15)
FNDA:3,(anonymous_16)
FNDA:2,(anonymous_17)
FNDA:1,(anonymous_18)
FNDA:3,(anonymous_19)
FNDA:1,(anonymous_20)
FNDA:0,(anonymous_21)
FNDA:0,(anonymous_22)
FNDA:1,(anonymous_23)
FNDA:1,(anonymous_24)
FNDA:0,(anonymous_25)
FNDA:3,(anonymous_26)
FNDA:3,(anonymous_27)
FNDA:0,(anonymous_28)
FNDA:0,(anonymous_29)
FNDA:0,(anonymous_30)
FNDA:1,(anonymous_31)
FNDA:2,(anonymous_32)
FNDA:1,(anonymous_33)
FNDA:1,(anonymous_34)
FNDA:1,(anonymous_35)
FNDA:3,(anonymous_36)
FNDA:1,(anonymous_37)
FNDA:1,(anonymous_38)
FNDA:3,(anonymous_39)
FNDA:1,(anonymous_40)
FNDA:1,(anonymous_41)
FNDA:0,(anonymous_42)
FNDA:0,(anonymous_43)
DA:1,2
DA:2,2
DA:3,2
DA:4,2
DA:5,2
DA:6,2
DA:8,2
DA:9,2
DA:12,2
DA:16,2
DA:17,2
DA:18,2
DA:24,2
DA:25,0
DA:26,0
DA:27,0
DA:29,0
DA:34,2
DA:35,0
DA:36,0
DA:39,0
DA:41,0
DA:42,0
DA:45,0
DA:48,0
DA:52,2
DA:53,9
DA:54,9
DA:57,9
DA:58,9
DA:59,1
DA:63,8
DA:66,8
DA:69,1
DA:70,1
DA:75,1
DA:76,1
DA:79,1
DA:81,1
DA:82,1
DA:85,1
DA:93,1
DA:96,1
DA:97,0
DA:98,0
DA:102,7
DA:103,7
DA:108,2
DA:109,38
DA:110,38
DA:113,38
DA:114,38
DA:115,1
DA:119,37
DA:120,37
DA:121,1
DA:125,36
DA:128,36
DA:137,36
DA:139,0
DA:140,0
DA:146,2
DA:147,1
DA:148,1
DA:151,1
DA:153,1
DA:154,0
DA:158,1
DA:159,0
DA:164,1
DA:166,1
DA:168,0
DA:173,2
DA:174,1
DA:175,1
DA:178,1
DA:180,1
DA:181,0
DA:185,1
DA:186,0
DA:190,1
DA:192,1
DA:194,0
DA:199,2
DA:200,1
DA:201,1
DA:203,1
DA:204,1
DA:205,0
DA:208,1
DA:209,1
DA:210,1
DA:213,0
DA:218,2
DA:219,2
DA:220,2
DA:223,2
DA:225,2
DA:226,1
DA:229,1
DA:231,0
DA:236,2
DA:237,6
DA:238,6
DA:239,6
DA:240,0
DA:241,0
DA:244,6
DA:245,6
DA:246,1
DA:247,1
DA:251,5
DA:252,1
DA:253,1
DA:255,0
DA:260,5
DA:265,5
DA:268,5
DA:269,5
DA:271,5
DA:273,0
DA:278,2
DA:279,1
DA:280,1
DA:281,1
DA:283,1
DA:284,0
DA:288,1
DA:291,1
DA:294,1
DA:296,0
DA:300,2
DA:301,5
DA:302,5
DA:305,5
DA:311,5
DA:312,0
DA:316,5
DA:323,5
DA:331,5
DA:336,0
DA:341,2
DA:342,1
DA:343,1
DA:344,1
DA:346,1
DA:347,1
DA:348,0
DA:351,1
DA:352,1
DA:353,0
DA:356,1
DA:358,0
DA:363,2
DA:364,3
DA:365,3
DA:366,3
DA:367,1
DA:371,2
DA:374,2
DA:375,2
DA:376,1
DA:380,1
DA:383,0
DA:384,0
DA:389,2
DA:390,1
DA:391,1
DA:394,1
DA:395,1
DA:396,0
DA:400,1
DA:402,1
DA:411,0
DA:416,2
DA:417,3
DA:418,3
DA:421,3
DA:422,3
DA:423,0
DA:427,3
DA:432,3
DA:433,3
DA:435,0
DA:440,2
DA:441,1
DA:442,1
DA:445,1
DA:446,1
DA:447,0
DA:450,1
DA:452,0
DA:458,2
DA:459,0
DA:460,0
DA:461,0
DA:462,0
DA:464,0
DA:465,0
DA:466,0
DA:469,0
DA:470,0
DA:471,0
DA:475,0
DA:480,0
DA:482,0
DA:487,0
DA:492,2
DA:493,1
DA:494,1
DA:495,1
DA:497,1
DA:499,1
DA:500,0
DA:503,1
DA:504,1
DA:505,0
DA:509,1
DA:512,1
DA:517,1
DA:519,1
DA:523,0
DA:527,2
DA:528,2
DA:530,2
DA:531,3
DA:532,3
DA:533,3
DA:542,3
DA:543,3
DA:544,0
DA:548,3
DA:551,3
DA:552,0
DA:553,0
DA:555,0
DA:557,0
DA:560,0
DA:561,0
DA:562,0
DA:565,0
DA:566,0
DA:570,0
DA:576,0
DA:577,0
DA:582,3
DA:583,3
DA:584,3
DA:585,2
DA:586,2
DA:589,2
DA:590,2
DA:592,2
DA:595,3
DA:602,3
DA:603,3
DA:604,3
DA:605,3
DA:609,3
DA:612,3
DA:613,0
DA:617,3
DA:618,3
DA:621,0
DA:622,0
DA:627,2
DA:628,0
DA:629,0
DA:631,0
DA:632,0
DA:635,0
DA:638,0
DA:640,0
DA:642,0
DA:643,0
DA:648,2
DA:649,0
DA:650,0
DA:652,0
DA:655,0
DA:658,0
DA:660,0
DA:664,2
DA:665,1
DA:669,1
DA:680,1
DA:681,0
DA:685,1
DA:687,0
DA:692,2
DA:693,2
DA:694,2
DA:695,2
DA:705,2
DA:706,1
DA:710,1
DA:712,0
DA:716,2
DA:717,1
DA:718,1
DA:721,1
DA:723,1
DA:724,0
DA:728,1
DA:739,1
DA:741,0
DA:745,2
DA:746,1
DA:748,1
DA:751,1
DA:754,1
DA:756,1
DA:758,0
DA:762,1
DA:763,1
DA:766,1
DA:767,0
DA:768,0
DA:773,1
DA:774,1
DA:775,0
DA:777,0
DA:779,0
DA:784,0
DA:787,0
DA:792,1
DA:794,1
DA:797,1
DA:800,1
DA:802,0
DA:807,2
DA:808,1
DA:809,1
DA:811,1
DA:813,1
DA:815,0
DA:819,1
DA:822,1
DA:825,1
DA:831,1
DA:832,0
DA:834,0
DA:839,1
DA:842,1
DA:845,0
DA:850,2
DA:851,3
DA:852,3
DA:853,3
DA:856,3
DA:858,3
DA:859,0
DA:863,3
DA:865,3
DA:867,3
DA:868,0
DA:872,3
DA:881,3
DA:884,3
DA:885,3
DA:888,3
DA:893,0
DA:898,2
DA:899,1
DA:901,1
DA:904,1
DA:906,1
DA:908,0
DA:911,1
DA:913,0
DA:917,2
DA:918,1
DA:920,1
DA:923,1
DA:926,1
DA:927,0
DA:931,1
DA:940,1
DA:942,0
DA:946,2
DA:947,3
DA:948,3
DA:949,3
DA:952,3
DA:953,3
DA:954,0
DA:958,3
DA:959,3
DA:960,0
DA:964,3
DA:965,3
DA:966,0
DA:970,3
DA:971,3
DA:973,3
DA:974,3
DA:977,3
DA:980,0
DA:985,2
DA:986,1
DA:988,1
DA:990,1
DA:993,1
DA:994,1
DA:995,0
DA:999,1
DA:1000,1
DA:1001,0
DA:1005,1
DA:1006,1
DA:1007,0
DA:1011,1
DA:1012,1
DA:1015,1
DA:1018,0
DA:1022,2
DA:1023,1
DA:1024,1
DA:1025,1
DA:1028,1
DA:1029,1
DA:1030,0
DA:1034,1
DA:1035,1
DA:1036,0
DA:1040,1
DA:1041,1
DA:1043,1
DA:1046,0
DA:1050,0
DA:1054,2
DA:1055,0
DA:1057,0
DA:1060,0
DA:1067,0
DA:1068,0
DA:1072,0
DA:1075,0
DA:1079,2
DA:1080,0
DA:1082,0
DA:1085,0
DA:1092,0
DA:1093,0
DA:1097,0
DA:1100,0
DA:1104,2
LF:447
LH:305
BRDA:41,0,0,0
BRDA:41,0,1,0
BRDA:58,1,0,1
BRDA:58,1,1,8
BRDA:114,2,0,1
BRDA:114,2,1,37
BRDA:120,3,0,1
BRDA:120,3,1,36
BRDA:153,4,0,0
BRDA:153,4,1,1
BRDA:158,5,0,0
BRDA:158,5,1,1
BRDA:180,6,0,0
BRDA:180,6,1,1
BRDA:185,7,0,0
BRDA:185,7,1,1
BRDA:204,8,0,0
BRDA:204,8,1,1
BRDA:225,9,0,1
BRDA:225,9,1,1
BRDA:239,10,0,0
BRDA:239,10,1,6
BRDA:245,11,0,1
BRDA:245,11,1,5
BRDA:251,12,0,1
BRDA:251,12,1,4
BRDA:283,13,0,0
BRDA:283,13,1,1
BRDA:283,14,0,1
BRDA:283,14,1,1
BRDA:311,15,0,0
BRDA:311,15,1,5
BRDA:347,16,0,0
BRDA:347,16,1,1
BRDA:352,17,0,0
BRDA:352,17,1,1
BRDA:366,18,0,1
BRDA:366,18,1,2
BRDA:371,19,0,2
BRDA:371,19,1,0
BRDA:375,20,0,1
BRDA:375,20,1,1
BRDA:395,21,0,0
BRDA:395,21,1,1
BRDA:422,22,0,0
BRDA:422,22,1,3
BRDA:446,23,0,0
BRDA:446,23,1,1
BRDA:465,24,0,0
BRDA:465,24,1,0
BRDA:470,25,0,0
BRDA:470,25,1,0
BRDA:499,26,0,0
BRDA:499,26,1,1
BRDA:504,27,0,0
BRDA:504,27,1,1
BRDA:537,28,0,3
BRDA:537,28,1,2
BRDA:543,29,0,0
BRDA:543,29,1,3
BRDA:551,30,0,0
BRDA:551,30,1,3
BRDA:555,31,0,0
BRDA:555,31,1,0
BRDA:555,32,0,0
BRDA:555,32,1,0
BRDA:555,32,2,0
BRDA:584,33,0,2
BRDA:584,33,1,1
BRDA:584,34,0,3
BRDA:584,34,1,2
BRDA:631,35,0,0
BRDA:631,35,1,0
BRDA:680,36,0,0
BRDA:680,36,1,1
BRDA:680,37,0,1
BRDA:680,37,1,1
BRDA:705,38,0,1
BRDA:705,38,1,1
BRDA:723,39,0,0
BRDA:723,39,1,1
BRDA:756,40,0,0
BRDA:756,40,1,1
BRDA:766,41,0,0
BRDA:766,41,1,1
BRDA:766,42,0,1
BRDA:766,42,1,1
BRDA:774,43,0,0
BRDA:774,43,1,1
BRDA:774,44,0,1
BRDA:774,44,1,0
BRDA:775,45,0,0
BRDA:775,45,1,0
BRDA:813,46,0,0
BRDA:813,46,1,1
BRDA:831,47,0,0
BRDA:831,47,1,1
BRDA:831,48,0,1
BRDA:831,48,1,1
BRDA:858,49,0,0
BRDA:858,49,1,3
BRDA:867,50,0,0
BRDA:867,50,1,3
BRDA:906,51,0,0
BRDA:906,51,1,1
BRDA:926,52,0,0
BRDA:926,52,1,1
BRDA:953,53,0,0
BRDA:953,53,1,3
BRDA:959,54,0,0
BRDA:959,54,1,3
BRDA:965,55,0,0
BRDA:965,55,1,3
BRDA:994,56,0,0
BRDA:994,56,1,1
BRDA:1000,57,0,0
BRDA:1000,57,1,1
BRDA:1006,58,0,0
BRDA:1006,58,1,1
BRDA:1029,59,0,0
BRDA:1029,59,1,1
BRDA:1035,60,0,0
BRDA:1035,60,1,1
BRDA:1041,61,0,1
BRDA:1041,61,1,0
BRDA:1067,62,0,0
BRDA:1067,62,1,0
BRDA:1092,63,0,0
BRDA:1092,63,1,0
BRF:129
BRH:71
end_of_record
TN:
SF:models/user.model.js
FN:56,(anonymous_0)
FN:90,(anonymous_1)
FN:103,(anonymous_2)
FNF:3
FNH:3
FNDA:17,(anonymous_0)
FNDA:42,(anonymous_1)
FNDA:26,(anonymous_2)
DA:1,2
DA:2,2
DA:4,2
DA:7,2
DA:19,2
DA:30,2
DA:52,2
DA:56,17
DA:82,2
DA:89,2
DA:91,42
DA:92,42
DA:93,42
DA:94,42
DA:95,42
DA:100,2
DA:101,2
DA:103,2
DA:104,26
DA:105,26
DA:108,2
DA:109,2
DA:110,2
DA:111,2
DA:114,2
LF:25
LH:25
BRF:0
BRH:0
end_of_record
TN:
SF:routes/user.route.js
FNF:0
FNH:0
DA:1,2
DA:2,2
DA:3,2
DA:5,2
DA:7,2
DA:8,2
DA:9,2
DA:18,2
DA:20,2
DA:23,2
DA:25,2
DA:28,2
DA:31,2
DA:33,2
DA:36,2
DA:37,2
DA:40,2
DA:42,2
DA:45,2
DA:46,2
DA:48,2
DA:50,2
DA:51,2
DA:52,2
DA:55,2
DA:56,2
DA:57,2
DA:59,2
DA:63,2
DA:65,2
DA:67,2
DA:69,2
DA:71,2
DA:73,2
DA:75,2
DA:77,2
DA:79,2
DA:81,2
DA:83,2
DA:85,2
DA:87,2
LF:41
LH:41
BRF:0
BRH:0
end_of_record
